OpenROAD 26Q2-1846-g49bd051a10 
Features included (+) or not (-): +GPU +GUI +Python
This program is licensed under the BSD-3 license. See the LICENSE file for details.
Components of this program may be licensed under more restrictive licenses which must be honored.
[INFO ORD-0030] Using 8 thread(s).
read_liberty /OpenROAD-flow-scripts/flow/platforms/sky130hd/lib/sky130_fd_sc_hd__tt_025C_1v80.lib
read_db -hier ./results/sky130hd/gcd/base/2_floorplan.odb
[WARNING ORD-0012] Hierarchical flow (-hier) is currently in development and may cause multiple issues. Do not use in production environments.
read_sdc ./results/sky130hd/gcd/base/2_floorplan.sdc
source /OpenROAD-flow-scripts/flow/platforms/sky130hd/setRC.tcl
global_placement -skip_io -density 0.6 -pad_left 0 -pad_right 0
[INFO GPL-0001] ---- Initialize GPL Main Data Structures
[INFO GPL-0002] DBU: 1000
[INFO GPL-0003] SiteSize: (  0.460  2.720 ) um
[INFO GPL-0004] CoreBBox: (  1.380  2.720 ) ( 76.820 76.160 ) um
[INFO GPL-0036] Movable instances area:       2750.138 um^2
[INFO GPL-0037] Total instances area:         2840.224 um^2
[INFO GPL-0035] Pin density area adjust:       182.370 um^2
[INFO GPL-0032] ---- Initialize Region: Top-level
[INFO GPL-0006] Number of instances:               338
[INFO GPL-0007] Movable instances:                 266
[INFO GPL-0008] Fixed instances:                    72
[INFO GPL-0009] Dummy instances:                     0
[INFO GPL-0010] Number of nets:                    302
[INFO GPL-0011] Number of pins:                    969
[INFO GPL-0012] Die BBox:  (  0.000  0.000 ) ( 78.050 78.050 ) um
[INFO GPL-0013] Core BBox: (  1.380  2.720 ) ( 76.820 76.160 ) um
[INFO GPL-0016] Core area:                    5540.314 um^2
[INFO GPL-0014] Region name: top-level.
[INFO GPL-0015] Region area:                  5540.314 um^2
[INFO GPL-0017] Fixed instances area:           90.086 um^2
[INFO GPL-0018] Movable instances area:       2932.508 um^2
[INFO GPL-0019] Utilization:                    53.805 %
[INFO GPL-0020] Standard cells area:          2932.508 um^2
[INFO GPL-0021] Large instances area:            0.000 um^2
[INFO GPL-0005] ---- Execute Conjugate Gradient Initial Placement.
[INFO GPL-0051] Source of initial instance position counters:
	Odb location = 0	Core center = 266	Region center = 0
[INFO GPL-0033] ---- Initialize Nesterov Region: Top-level
[INFO GPL-0023] Placement target density:       0.6000
[INFO GPL-0024] Movable insts average area:     11.024 um^2
[INFO GPL-0025] Ideal bin area:                 18.374 um^2
[INFO GPL-0026] Ideal bin count:                   301
[INFO GPL-0027] Total bin area:               5540.314 um^2
[INFO GPL-0028] Bin count (X, Y):          16 ,     16
[INFO GPL-0029] Bin size (W * H):       4.715 *  4.590 um
[INFO GPL-0030] Number of bins:                    256
[INFO GPL-0084] ---- Execute Nesterov Global Placement.
[INFO GPL-0031] HPWL: Half-Perimeter Wirelength
Iteration | Overflow |     HPWL (um) |  HPWL(%) |   Penalty | Group
---------------------------------------------------------------
        0 |   0.9649 |  6.830360e+02 |   +0.00% |  2.81e-14 |      
       10 |   0.9667 |  5.535940e+02 |  -18.95% |  4.58e-14 |      
       20 |   0.9664 |  5.519510e+02 |   -0.30% |  7.46e-14 |      
       30 |   0.9665 |  5.522640e+02 |   +0.06% |  1.22e-13 |      
       40 |   0.9665 |  5.523640e+02 |   +0.02% |  1.98e-13 |      
       50 |   0.9665 |  5.523000e+02 |   -0.01% |  3.22e-13 |      
       60 |   0.9664 |  5.523130e+02 |   +0.00% |  5.25e-13 |      
       70 |   0.9663 |  5.524260e+02 |   +0.02% |  8.55e-13 |      
       80 |   0.9661 |  5.526500e+02 |   +0.04% |  1.39e-12 |      
       90 |   0.9657 |  5.533280e+02 |   +0.12% |  2.27e-12 |      
      100 |   0.9651 |  5.544000e+02 |   +0.19% |  3.70e-12 |      
      110 |   0.9649 |  5.559300e+02 |   +0.28% |  6.02e-12 |      
      120 |   0.9649 |  5.579320e+02 |   +0.36% |  9.81e-12 |      
      130 |   0.9649 |  5.632540e+02 |   +0.95% |  1.60e-11 |      
      140 |   0.9632 |  5.912560e+02 |   +4.97% |  2.60e-11 |      
      150 |   0.9519 |  6.829670e+02 |  +15.51% |  4.24e-11 |      
      160 |   0.9163 |  8.384710e+02 |  +22.77% |  6.91e-11 |      
      170 |   0.8768 |  1.094564e+03 |  +30.54% |  1.12e-10 |      
      180 |   0.8643 |  1.248830e+03 |  +14.09% |  1.83e-10 |      
      190 |   0.8220 |  1.386382e+03 |  +11.01% |  2.98e-10 |      
      200 |   0.7871 |  1.591888e+03 |  +14.82% |  4.86e-10 |      
      210 |   0.7497 |  1.774525e+03 |  +11.47% |  7.92e-10 |      
      220 |   0.7091 |  1.962620e+03 |  +10.60% |  1.29e-09 |      
      230 |   0.6670 |  2.167904e+03 |  +10.46% |  2.10e-09 |      
      240 |   0.6133 |  2.324641e+03 |   +7.23% |  3.42e-09 |      
      250 |   0.5598 |  2.476197e+03 |   +6.52% |  5.57e-09 |      
      260 |   0.5072 |  2.679918e+03 |   +8.23% |  9.08e-09 |      
      270 |   0.4481 |  2.831856e+03 |   +5.67% |  1.48e-08 |      
      280 |   0.3851 |  3.001634e+03 |   +6.00% |  2.41e-08 |      
      290 |   0.3315 |  3.128520e+03 |   +4.23% |  3.81e-08 |      
      300 |   0.2964 |  3.216092e+03 |   +2.80% |  5.61e-08 |      
      310 |   0.2659 |  3.305298e+03 |   +2.77% |  8.26e-08 |      
      320 |   0.2332 |  3.354535e+03 |   +1.49% |  1.22e-07 |      
      330 |   0.2061 |  3.397172e+03 |   +1.27% |  1.79e-07 |      
      340 |   0.1766 |  3.438704e+03 |   +1.22% |  2.64e-07 |      
      350 |   0.1535 |  3.482359e+03 |   +1.27% |  3.89e-07 |      
      360 |   0.1306 |  3.524006e+03 |   +1.20% |  5.73e-07 |      
      370 |   0.1107 |  3.557627e+03 |   +0.95% |  8.44e-07 |      
      375 |   0.0998 |  3.576689e+03 |          |  1.07e-06 |      
---------------------------------------------------------------
[INFO GPL-1001] Global placement finished at iteration 375
[INFO GPL-1002] Placed Cell Area             2932.5078
[INFO GPL-1003] Available Free Area          5450.2272
[INFO GPL-1004] Minimum Feasible Density        0.5400 (cell_area / free_area)
[INFO GPL-1006]   Suggested Target Densities:
[INFO GPL-1007]     - For 90% usage of free space: 0.5978
[INFO GPL-1008]     - For 80% usage of free space: 0.6726
[INFO GPL-1014] Final placement area: 2932.51 (+0.00%)
Design area 2840 um^2 51% utilization.
write_db ./results/sky130hd/gcd/base/3_1_place_gp_skip_io.odb
Elapsed time: 0:00.78[h:]min:sec. CPU time: user 1.27 sys 0.05 (168%). Peak memory: 147920KB.
Log                       Ext     Elapsed/s Peak Memory/MB sha1sum result [0:20)
3_1_place_gp_skip_io      .odb            0            144 d09bb98c1a950f0d34ae
