OpenROAD 26Q2-1846-g49bd051a10 
Features included (+) or not (-): +GPU +GUI +Python
This program is licensed under the BSD-3 license. See the LICENSE file for details.
Components of this program may be licensed under more restrictive licenses which must be honored.
[INFO ORD-0030] Using 8 thread(s).
read_liberty /OpenROAD-flow-scripts/flow/platforms/sky130hd/lib/sky130_fd_sc_hd__tt_025C_1v80.lib
read_db -hier ./results/sky130hd/gcd/base/3_3_place_gp.odb
[WARNING ORD-0012] Hierarchical flow (-hier) is currently in development and may cause multiple issues. Do not use in production environments.
read_sdc ./results/sky130hd/gcd/base/2_floorplan.sdc
source /OpenROAD-flow-scripts/flow/platforms/sky130hd/setRC.tcl
estimate_parasitics -placement
[WARNING STA-0122] cell 'sky130_ef_sc_hd__decap_12' not found.
[WARNING STA-0122] cell 'sky130_ef_sc_hd__decap_4' not found.
[WARNING STA-0122] cell 'sky130_ef_sc_hd__decap_8' not found.
[WARNING STA-0122] cell 'sky130_ef_sc_hd__fill_1' not found.
[WARNING STA-0122] cell 'sky130_ef_sc_hd__fill_2' not found.
[WARNING STA-0122] cell 'sky130_ef_sc_hd__fill_4' not found.
[WARNING STA-0122] cell 'sky130_ef_sc_hd__fill_8' not found.
replace_arith_modules -path_count 1000 -target setup -slack_threshold 0.0
[INFO RSZ-0151] Starting arithmetic module replacement to optimize 'setup' target
[INFO RSZ-0152] Analyzing 1000 critical paths with slack < 0.00
[INFO RSZ-0153] Identified 69 violating endpoints
[INFO RSZ-0154] Identified 1 critical arithmetic instances
[INFO RSZ-0160] 0 arithmetic instances have swapped to improve 'setup' target
[INFO GPL-0083] Execute incremental mode global placement.
[INFO GPL-0001] ---- Initialize GPL Main Data Structures
[INFO GPL-0002] DBU: 1000
[INFO GPL-0003] SiteSize: (  0.460  2.720 ) um
[INFO GPL-0004] CoreBBox: (  1.380  2.720 ) ( 76.820 76.160 ) um
[INFO GPL-0036] Movable instances area:       4021.357 um^2
[INFO GPL-0037] Total instances area:         4111.443 um^2
[INFO GPL-0035] Pin density area adjust:       281.396 um^2
[INFO GPL-0032] ---- Initialize Region: Top-level
[INFO GPL-0006] Number of instances:               483
[INFO GPL-0007] Movable instances:                 411
[INFO GPL-0008] Fixed instances:                    72
[INFO GPL-0009] Dummy instances:                     0
[INFO GPL-0010] Number of nets:                    447
[INFO GPL-0011] Number of pins:                   1313
[INFO GPL-0012] Die BBox:  (  0.000  0.000 ) ( 78.050 78.050 ) um
[INFO GPL-0013] Core BBox: (  1.380  2.720 ) ( 76.820 76.160 ) um
[INFO GPL-0016] Core area:                    5540.314 um^2
[INFO GPL-0014] Region name: top-level.
[INFO GPL-0015] Region area:                  5540.314 um^2
[INFO GPL-0017] Fixed instances area:           90.086 um^2
[INFO GPL-0018] Movable instances area:       4302.753 um^2
[INFO GPL-0019] Utilization:                    78.946 %
[INFO GPL-0020] Standard cells area:          4302.753 um^2
[INFO GPL-0021] Large instances area:            0.000 um^2
[INFO GPL-0154] Identified 411 placed instances
[INFO GPL-0155] Identified 0 not placed instances
[INFO GPL-0156] Identified all instances as placed. Skipping incremental mode
Perform buffer insertion and gate resizing...
repair_design -verbose -match_cell_footprint
Iteration |   Area    | Resized | Buffers | Nets repaired | Remaining
---------------------------------------------------------------------
        0 |     +0.0% |       0 |       0 |             0 |       449
       10 |     +0.0% |       0 |       0 |             0 |       439
       20 |     +0.0% |       0 |       0 |             0 |       429
       30 |     +0.0% |       0 |       0 |             0 |       419
       40 |     +0.0% |       0 |       0 |             0 |       409
       50 |     +0.0% |       0 |       0 |             0 |       399
       60 |     +0.0% |       0 |       0 |             0 |       389
       70 |     +0.0% |       0 |       0 |             0 |       379
       80 |     +0.0% |       0 |       0 |             0 |       369
       90 |     +0.0% |       0 |       0 |             0 |       359
      100 |     +0.0% |       0 |       0 |             0 |       349
      110 |     +0.0% |       0 |       0 |             0 |       339
      120 |     +0.0% |       0 |       0 |             0 |       329
      130 |     +0.0% |       0 |       0 |             0 |       319
      140 |     +0.0% |       0 |       0 |             0 |       309
      150 |     +0.0% |       0 |       0 |             0 |       299
      160 |     +0.0% |       0 |       0 |             0 |       289
      170 |     +0.0% |       0 |       0 |             0 |       279
      180 |     +0.0% |       0 |       0 |             0 |       269
      190 |     +0.0% |       0 |       0 |             0 |       259
      200 |     +0.0% |       0 |       0 |             0 |       249
      210 |     +0.0% |       0 |       0 |             0 |       239
      220 |     +0.0% |       0 |       0 |             0 |       229
      230 |     +0.0% |       0 |       0 |             0 |       219
      240 |     +0.0% |       0 |       0 |             0 |       209
      250 |     +0.0% |       0 |       0 |             0 |       199
      260 |     +0.0% |       0 |       0 |             0 |       189
      270 |     +0.0% |       0 |       0 |             0 |       179
      280 |     +0.0% |       0 |       0 |             0 |       169
      290 |     +0.0% |       0 |       0 |             0 |       159
      300 |     +0.0% |       0 |       0 |             0 |       149
      310 |     +0.0% |       0 |       0 |             0 |       139
      320 |     +0.0% |       0 |       0 |             0 |       129
      330 |     +0.0% |       0 |       0 |             0 |       119
      340 |     +0.0% |       0 |       0 |             0 |       109
      350 |     +0.0% |       0 |       0 |             0 |        99
      360 |     +0.0% |       0 |       0 |             0 |        89
      370 |     +0.0% |       0 |       0 |             0 |        79
      380 |     +0.0% |       0 |       0 |             0 |        69
      390 |     +0.0% |       0 |       0 |             0 |        59
      400 |     +0.0% |       0 |       0 |             0 |        49
      410 |     +0.0% |       0 |       0 |             0 |        39
      420 |     +0.0% |       0 |       0 |             0 |        29
      430 |     +0.0% |       0 |       0 |             0 |        19
      440 |     +0.0% |       0 |       0 |             0 |         9
    final |     +0.0% |       0 |       0 |             0 |         0
---------------------------------------------------------------------
Floating nets: 
Report metrics stage 3, resizer...

==========================================================================
resizer report_design_area
--------------------------------------------------------------------------
Design area 4111 um^2 74% utilization.
Instance count before 483, after 483
Pin count before 1261, after 1261
write_db ./results/sky130hd/gcd/base/3_4_place_resized.odb
Elapsed time: 0:00.96[h:]min:sec. CPU time: user 0.92 sys 0.15 (111%). Peak memory: 184924KB.
Log                       Ext     Elapsed/s Peak Memory/MB sha1sum result [0:20)
3_4_place_resized         .odb            0            180 d788a9e2c6226c6f7376
