OpenROAD 26Q2-1846-g49bd051a10 
Features included (+) or not (-): +GPU +GUI +Python
This program is licensed under the BSD-3 license. See the LICENSE file for details.
Components of this program may be licensed under more restrictive licenses which must be honored.
[INFO ORD-0030] Using 8 thread(s).
read_liberty /OpenROAD-flow-scripts/flow/platforms/sky130hd/lib/sky130_fd_sc_hd__tt_025C_1v80.lib
read_db -hier ./results/sky130hd/gcd/base/3_4_place_resized.odb
[WARNING ORD-0012] Hierarchical flow (-hier) is currently in development and may cause multiple issues. Do not use in production environments.
read_sdc ./results/sky130hd/gcd/base/2_floorplan.sdc
source /OpenROAD-flow-scripts/flow/platforms/sky130hd/setRC.tcl
detailed_placement
[INFO DPL-0006] Core area: 5540.31 um^2, Instances area: 4111.44 um^2, Utilization: 74.2%
[INFO DPL-0005] Diamond search max displacement: +/- 500 sites horizontally, +/- 100 rows vertically.
[INFO DPL-1101] Legalizing using diamond search.
Movements Summary
---------------------------------------
Total cells:                     411
Diamond Move Success:            411 (100.00%)
Diamond Move Failure:              0
Rip-up and replace Success:        0 (  0.00% of diamond failures)
Rip-up and replace Failure:        0
Total Placement Failures:          0
---------------------------------------
Placement Analysis
---------------------------------
total displacement       1045.9 u
average displacement        2.2 u
max displacement           12.3 u
original HPWL            5199.3 u
legalized HPWL           6135.8 u
delta HPWL                   18 %

improve_placement -max_displacement "5 1"
Detailed placement improvement.
[INFO DPL-0401] Setting random seed to 1.
[INFO DPL-0402] Setting maximum displacement 5 1 to 13600 2720 units.
[INFO DPL-0320] Collected 126 fixed cells.
[INFO DPL-0318] Collected 411 single height cells.
[INFO DPL-0321] Collected 0 wide cells.
[INFO DPL-0322] Image (1380, 2720) - (76820, 76160)
[INFO DPL-0310] Assigned 411 cells into segments.  Movement in X-direction is 0.000000, movement in Y-direction is 0.000000.
[INFO DPL-0313] Found 0 cells in wrong regions.
[INFO DPL-0315] Found 0 row alignment problems.
[INFO DPL-0314] Found 0 site alignment problems.
[INFO DPL-0311] Found 0 overlaps between adjacent cells.
[INFO DPL-0312] Found 0 edge spacing violations and 0 padding violations.
[INFO DPL-0303] Running algorithm for independent set matching.
[INFO DPL-0300] Set matching objective is wirelength.
[INFO DPL-0301] Pass   1 of matching; objective is 6.143403e+06.
[INFO DPL-0302] End of matching; objective is 6.130992e+06, improvement is 0.20 percent.
[INFO DPL-0303] Running algorithm for global swaps.
[INFO DPL-0306] Pass   1 of global swaps; hpwl is 6.022401e+06.
[INFO DPL-0306] Pass   2 of global swaps; hpwl is 6.000078e+06.
[INFO DPL-0307] End of global swaps; objective is 6.000078e+06, improvement is 2.14 percent.
[INFO DPL-0303] Running algorithm for vertical swaps.
[INFO DPL-0308] Pass   1 of vertical swaps; hpwl is 5.990489e+06.
[INFO DPL-0309] End of vertical swaps; objective is 5.990489e+06, improvement is 0.16 percent.
[INFO DPL-0303] Running algorithm for reordering.
[INFO DPL-0304] Pass   1 of reordering; objective is 5.961495e+06.
[INFO DPL-0305] End of reordering; objective is 5.961495e+06, improvement is 0.48 percent.
[INFO DPL-0303] Running algorithm for random improvement.
[INFO DPL-0324] Random improver is using random generator.
[INFO DPL-0325] Random improver is using hpwl objective.
[INFO DPL-0326] Random improver cost string is (a).
[INFO DPL-0332] End of pass, Generator random called 8220 times.
[INFO DPL-0335] Generator random, Cumulative attempts 8220, swaps 1918, moves  1244 since last reset.
[INFO DPL-0333] End of pass, Objective hpwl, Initial cost 5.961495e+06, Scratch cost 5.859761e+06, Incremental cost 5.859761e+06, Mismatch? N
[INFO DPL-0338] End of pass, Total cost is 5.859761e+06.
[INFO DPL-0327] Pass   1 of random improver; improvement in cost is 1.71 percent.
[INFO DPL-0332] End of pass, Generator random called 8220 times.
[INFO DPL-0335] Generator random, Cumulative attempts 16440, swaps 3782, moves  2527 since last reset.
[INFO DPL-0333] End of pass, Objective hpwl, Initial cost 5.859761e+06, Scratch cost 5.810094e+06, Incremental cost 5.810094e+06, Mismatch? N
[INFO DPL-0338] End of pass, Total cost is 5.810094e+06.
[INFO DPL-0327] Pass   2 of random improver; improvement in cost is 0.85 percent.
[INFO DPL-0328] End of random improver; improvement is 2.539648 percent.
[INFO DPL-0380] Cell flipping.
[INFO DPL-0382] Changed 0 cell orientations for row compatibility.
[INFO DPL-0383] Performed 139 cell flips.
[INFO DPL-0384] End of flipping; objective is 5.547263e+06, improvement is 4.52 percent.
[INFO DPL-0313] Found 0 cells in wrong regions.
[INFO DPL-0315] Found 0 row alignment problems.
[INFO DPL-0314] Found 0 site alignment problems.
[INFO DPL-0311] Found 0 overlaps between adjacent cells.
[INFO DPL-0312] Found 0 edge spacing violations and 0 padding violations.
Detailed Improvement Results
------------------------------------------
Original HPWL             6135.8 u (    2916.8,     3219.0)
Final HPWL                5538.1 u (    2504.9,     3033.2)
Delta HPWL                  -9.7 % (     -14.1,       -5.8)

optimize_mirroring
[INFO DPL-0020] Mirrored 17 instances
[INFO DPL-0021] HPWL before            5538.1 u
[INFO DPL-0022] HPWL after             5532.9 u
[INFO DPL-0023] HPWL delta               -0.1 %
[INFO FLW-0012] Placement violations .
estimate_parasitics -placement
Report metrics stage 3, detailed place...

==========================================================================
detailed place report_design_area
--------------------------------------------------------------------------
Design area 4111 um^2 74% utilization.
write_db ./results/sky130hd/gcd/base/3_5_place_dp.odb
Elapsed time: 0:00.92[h:]min:sec. CPU time: user 0.91 sys 0.11 (110%). Peak memory: 156384KB.
Log                       Ext     Elapsed/s Peak Memory/MB sha1sum result [0:20)
3_5_place_dp              .odb            0            152 1891b5d095110565691a
