OpenROAD 26Q2-1846-g49bd051a10 
Features included (+) or not (-): +GPU +GUI +Python
This program is licensed under the BSD-3 license. See the LICENSE file for details.
Components of this program may be licensed under more restrictive licenses which must be honored.
[INFO ORD-0030] Using 8 thread(s).
read_liberty /OpenROAD-flow-scripts/flow/platforms/sky130hd/lib/sky130_fd_sc_hd__tt_025C_1v80.lib
read_db -hier ./results/sky130hd/gcd/base/3_place.odb
[WARNING ORD-0012] Hierarchical flow (-hier) is currently in development and may cause multiple issues. Do not use in production environments.
read_sdc ./results/sky130hd/gcd/base/3_place.sdc
source /OpenROAD-flow-scripts/flow/platforms/sky130hd/setRC.tcl
[WARNING STA-0122] cell 'sky130_ef_sc_hd__decap_12' not found.
[WARNING STA-0122] cell 'sky130_ef_sc_hd__decap_4' not found.
[WARNING STA-0122] cell 'sky130_ef_sc_hd__decap_8' not found.
[WARNING STA-0122] cell 'sky130_ef_sc_hd__fill_1' not found.
[WARNING STA-0122] cell 'sky130_ef_sc_hd__fill_2' not found.
[WARNING STA-0122] cell 'sky130_ef_sc_hd__fill_4' not found.
[WARNING STA-0122] cell 'sky130_ef_sc_hd__fill_8' not found.
clock_tree_synthesis -sink_clustering_enable -repair_clock_nets
[INFO CTS-0050] Root buffer is sky130_fd_sc_hd__clkbuf_8.
[INFO CTS-0051] Sink buffer is sky130_fd_sc_hd__clkbuf_16.
[INFO CTS-0052] The following clock buffers will be used for CTS:
                    sky130_fd_sc_hd__clkbuf_8
                    sky130_fd_sc_hd__clkbuf_16
[INFO CTS-0049] Characterization buffer is sky130_fd_sc_hd__clkbuf_16.
[INFO CTS-0007] Net "clk" found for clock "core_clock".
[INFO CTS-0010]  Clock net "clk" has 35 sinks.
[INFO CTS-0008] TritonCTS found 1 clock nets.
[INFO CTS-0097] Characterization used 2 buffer(s) types.
[INFO CTS-0201] 0 blockages from hard placement blockages and placed macros will be used.
[INFO CTS-0027] Generating H-Tree topology for net clk.
[INFO CTS-0028]  Total number of sinks: 35.
[INFO CTS-0090]  Sinks will be clustered based on buffer max cap.
[INFO CTS-0030]  Number of static layers: 0.
[INFO CTS-0020]  Wire segment unit: 13600  dbu (13 um).
[INFO CTS-0023]  Original sink region: [(1645, 4020), (70110, 72140)].
[INFO CTS-0024]  Normalized sink region: [(0.120956, 0.295588), (5.15515, 5.30441)].
[INFO CTS-0025]     Width:  5.0342.
[INFO CTS-0026]     Height: 5.0088.
 Level 1
    Direction: Horizontal
    Sinks per sub-region: 18
    Sub-region size: 2.5171 X 5.0088
[INFO CTS-0034]     Segment length (rounded): 1.
 Level 2
    Direction: Vertical
    Sinks per sub-region: 9
    Sub-region size: 2.5171 X 2.5044
[INFO CTS-0034]     Segment length (rounded): 1.
[INFO CTS-0032]  Stop criterion found. Max number of sinks is 15.
[INFO CTS-0035]  Number of sinks covered: 35.
[INFO CTS-0018]     Created 5 clock buffers.
[INFO CTS-0012]     Minimum number of buffers in the clock path: 2.
[INFO CTS-0013]     Maximum number of buffers in the clock path: 2.
[INFO CTS-0015]     Created 5 clock nets.
[INFO CTS-0016]     Fanout distribution for the current clock = 7:1, 8:1, 9:1, 11:1..
[INFO CTS-0017]     Max level of the clock tree: 2.
[INFO CTS-0098] Clock net "clk"
[INFO CTS-0099]  Sinks 38
[INFO CTS-0100]  Leaf buffers 0
[INFO CTS-0101]  Average sink wire length 120.40 um
[INFO CTS-0102]  Path depth 2 - 2
[INFO CTS-0207]  Dummy loads inserted 3
Took 7 seconds: clock_tree_synthesis -sink_clustering_enable -repair_clock_nets
estimate_parasitics -placement
detailed_placement
[INFO DPL-0006] Core area: 5540.31 um^2, Instances area: 4229.06 um^2, Utilization: 76.3%
[INFO DPL-0005] Diamond search max displacement: +/- 500 sites horizontally, +/- 100 rows vertically.
[INFO DPL-1101] Legalizing using diamond search.
Movements Summary
---------------------------------------
Total cells:                     419
Diamond Move Success:            419 (100.00%)
Diamond Move Failure:              0
Rip-up and replace Success:        0 (  0.00% of diamond failures)
Rip-up and replace Failure:        0
Total Placement Failures:          0
---------------------------------------
Placement Analysis
---------------------------------
total displacement         98.5 u
average displacement        0.2 u
max displacement            6.4 u
original HPWL            5754.7 u
legalized HPWL           6090.9 u
delta HPWL                    6 %

estimate_parasitics -placement
detailed_placement
[INFO DPL-0006] Core area: 5540.31 um^2, Instances area: 4229.06 um^2, Utilization: 76.3%
[INFO DPL-0005] Diamond search max displacement: +/- 500 sites horizontally, +/- 100 rows vertically.
[INFO DPL-1101] Legalizing using diamond search.
Movements Summary
---------------------------------------
Total cells:                     419
Diamond Move Success:            419 (100.00%)
Diamond Move Failure:              0
Rip-up and replace Success:        0 (  0.00% of diamond failures)
Rip-up and replace Failure:        0
Total Placement Failures:          0
---------------------------------------
Placement Analysis
---------------------------------
total displacement          0.0 u
average displacement        0.0 u
max displacement            0.0 u
original HPWL            6090.9 u
legalized HPWL           6090.9 u
delta HPWL                    0 %

Report metrics stage 4, cts final...

==========================================================================
cts final report_design_area
--------------------------------------------------------------------------
Design area 4229 um^2 76% utilization.
write_db ./results/sky130hd/gcd/base/4_1_cts.odb
write_sdc -no_timestamp ./results/sky130hd/gcd/base/4_cts.sdc
Elapsed time: 0:07.39[h:]min:sec. CPU time: user 6.94 sys 0.48 (100%). Peak memory: 198512KB.
Log                       Ext     Elapsed/s Peak Memory/MB sha1sum result [0:20)
4_1_cts                   .odb            7            193 ec4f27c098163ec9dd29
