OpenROAD 26Q2-1846-g49bd051a10 
Features included (+) or not (-): +GPU +GUI +Python
This program is licensed under the BSD-3 license. See the LICENSE file for details.
Components of this program may be licensed under more restrictive licenses which must be honored.
[INFO ORD-0030] Using 8 thread(s).
read_liberty /OpenROAD-flow-scripts/flow/platforms/sky130hd/lib/sky130_fd_sc_hd__tt_025C_1v80.lib
read_db -hier ./results/sky130hd/gcd/base/4_cts.odb
[WARNING ORD-0012] Hierarchical flow (-hier) is currently in development and may cause multiple issues. Do not use in production environments.
read_sdc ./results/sky130hd/gcd/base/4_cts.sdc
source /OpenROAD-flow-scripts/flow/platforms/sky130hd/setRC.tcl
pin_access
[INFO DRT-0149] Reading tech and libs.
[WARNING DRT-0349] LEF58_ENCLOSURE with no CUTCLASS is not supported. Skipping for layer mcon
[WARNING DRT-0349] LEF58_ENCLOSURE with no CUTCLASS is not supported. Skipping for layer mcon
[WARNING DRT-0349] LEF58_ENCLOSURE with no CUTCLASS is not supported. Skipping for layer via
[WARNING DRT-0349] LEF58_ENCLOSURE with no CUTCLASS is not supported. Skipping for layer via
[WARNING DRT-0349] LEF58_ENCLOSURE with no CUTCLASS is not supported. Skipping for layer via2
[WARNING DRT-0349] LEF58_ENCLOSURE with no CUTCLASS is not supported. Skipping for layer via2
[WARNING DRT-0349] LEF58_ENCLOSURE with no CUTCLASS is not supported. Skipping for layer via3
[WARNING DRT-0349] LEF58_ENCLOSURE with no CUTCLASS is not supported. Skipping for layer via3
[WARNING DRT-0349] LEF58_ENCLOSURE with no CUTCLASS is not supported. Skipping for layer via4
[WARNING DRT-0349] LEF58_ENCLOSURE with no CUTCLASS is not supported. Skipping for layer via4

Units:                1000
Number of layers:     13
Number of macros:     437
Number of vias:       29
Number of viarulegen: 25

[INFO DRT-0150] Reading design.

Design:                   gcd
Die area:                 ( 0 0 ) ( 78050 78050 )
Number of track patterns: 12
Number of DEF vias:       0
Number of components:     491
Number of terminals:      56
Number of snets:          2
Number of nets:           452

[INFO DRT-0167] List of default vias:
  Layer via
    default via: M1M2_PR
  Layer via2
    default via: M2M3_PR
  Layer via3
    default via: M3M4_PR
  Layer via4
    default via: M4M5_PR
[INFO DRT-0162] Library cell analysis.
[INFO DRT-0163] Instance analysis.
[INFO DRT-0164] Number of unique instances = 79.
[INFO DRT-0168] Init region query.
[INFO DRT-0024]   Complete FR_MASTERSLICE.
[INFO DRT-0024]   Complete Fr_VIA.
[INFO DRT-0024]   Complete li1.
[INFO DRT-0024]   Complete mcon.
[INFO DRT-0024]   Complete met1.
[INFO DRT-0024]   Complete via.
[INFO DRT-0024]   Complete met2.
[INFO DRT-0024]   Complete via2.
[INFO DRT-0024]   Complete met3.
[INFO DRT-0024]   Complete via3.
[INFO DRT-0024]   Complete met4.
[INFO DRT-0024]   Complete via4.
[INFO DRT-0024]   Complete met5.
[INFO DRT-0033] FR_MASTERSLICE shape region query size = 0.
[INFO DRT-0033] FR_VIA shape region query size = 0.
[INFO DRT-0033] li1 shape region query size = 11541.
[INFO DRT-0033] mcon shape region query size = 7154.
[INFO DRT-0033] met1 shape region query size = 1648.
[INFO DRT-0033] via shape region query size = 350.
[INFO DRT-0033] met2 shape region query size = 239.
[INFO DRT-0033] via2 shape region query size = 280.
[INFO DRT-0033] met3 shape region query size = 235.
[INFO DRT-0033] via3 shape region query size = 280.
[INFO DRT-0033] met4 shape region query size = 88.
[INFO DRT-0033] via4 shape region query size = 13.
[INFO DRT-0033] met5 shape region query size = 23.
[INFO DRT-0165] Start pin access.
[INFO DRT-0078]   Complete 594 pins.
[INFO DRT-0081]   Complete 79 unique inst patterns.
[INFO DRT-0084]   Complete 237 groups.
#scanned instances     = 491
#unique  instances     = 79
#stdCellGenAp          = 2171
#stdCellValidPlanarAp  = 14
#stdCellValidViaAp     = 1625
#stdCellPinNoAp        = 0
#stdCellPinCnt         = 1272
#instTermValidViaApCnt = 0
#macroGenAp            = 0
#macroValidPlanarAp    = 0
#macroValidViaAp       = 0
#macroNoAp             = 0
[INFO DRT-0166] Complete pin access.
[INFO DRT-0267] cpu time = 00:00:49, elapsed time = 00:00:07, memory = 156.87 (MB), peak = 156.42 (MB)
Took 8 seconds: pin_access
global_route -congestion_report_file ./reports/sky130hd/gcd/base/congestion.rpt -congestion_iterations 30 -congestion_report_iter_step 5 -verbose
[INFO GRT-0020] Min routing layer: met1
[INFO GRT-0021] Max routing layer: met5
[INFO GRT-0022] Global adjustment: 0%
[INFO GRT-0023] Grid origin: (0, 0)
[INFO GRT-0088] Layer li1     Track-Pitch = 0.4600  line-2-Via Pitch: 0.3400
[INFO GRT-0088] Layer met1    Track-Pitch = 0.3400  line-2-Via Pitch: 0.3400
[INFO GRT-0088] Layer met2    Track-Pitch = 0.4600  line-2-Via Pitch: 0.3500
[INFO GRT-0088] Layer met3    Track-Pitch = 0.6800  line-2-Via Pitch: 0.6150
[INFO GRT-0088] Layer met4    Track-Pitch = 0.9200  line-2-Via Pitch: 1.0400
[INFO GRT-0088] Layer met5    Track-Pitch = 3.4000  line-2-Via Pitch: 3.1100
[INFO GRT-0003] Macros: 0
[INFO GRT-0004] Blockages: 883
[INFO GRT-0019] Found 6 clock nets.
[INFO GRT-0001] Minimum degree: 2
[INFO GRT-0002] Maximum degree: 23

[INFO GRT-0053] Routing resources analysis:
          Routing      Original      Derated      Resource
Layer     Direction    Resources     Resources    Reduction (%)
---------------------------------------------------------------
li1        Vertical            0             0          0.00%
met1       Horizontal       1403          1077          23.24%
met2       Vertical         1480          1140          22.97%
met3       Horizontal       1082           847          21.72%
met4       Vertical          720           540          25.00%
met5       Horizontal        180           110          38.89%
---------------------------------------------------------------

[INFO GRT-0197] Via related to pin nodes: 1993
[INFO GRT-0198] Via related Steiner nodes: 20
[INFO GRT-0199] Via filling finished.
[INFO GRT-0111] Final number of vias: 2453
[INFO GRT-0112] Final usage 3D: 8338

[INFO GRT-0096] Final congestion report:
Layer         Resource        Demand        Usage (%)    Max H / Max V / Total Congestion
---------------------------------------------------------------------------------------
li1                  0             0            0.00%             0 /  0 /  0
met1              1077           439           40.76%             0 /  0 /  0
met2              1140           474           41.58%             0 /  0 /  0
met3               847            39            4.60%             0 /  0 /  0
met4               540            27            5.00%             0 /  0 /  0
met5               110             0            0.00%             0 /  0 /  0
---------------------------------------------------------------------------------------
Total             3714           979           26.36%             0 /  0 /  0

[INFO GRT-0018] Total wirelength: 11578 um
[INFO GRT-0014] Routed nets: 452
[INFO GRT-0303] Global routing runtime = 00:00:00
estimate_parasitics -global_routing
[WARNING STA-0122] cell 'sky130_ef_sc_hd__decap_12' not found.
[WARNING STA-0122] cell 'sky130_ef_sc_hd__decap_4' not found.
[WARNING STA-0122] cell 'sky130_ef_sc_hd__decap_8' not found.
[WARNING STA-0122] cell 'sky130_ef_sc_hd__fill_1' not found.
[WARNING STA-0122] cell 'sky130_ef_sc_hd__fill_2' not found.
[WARNING STA-0122] cell 'sky130_ef_sc_hd__fill_4' not found.
[WARNING STA-0122] cell 'sky130_ef_sc_hd__fill_8' not found.
Perform buffer insertion and gate resizing...
repair_design -verbose
Iteration |   Area    | Resized | Buffers | Nets repaired | Remaining
---------------------------------------------------------------------
        0 |     +0.0% |       0 |       0 |             0 |       457
       10 |     +0.0% |       0 |       0 |             0 |       447
       20 |     +0.0% |       0 |       0 |             0 |       437
       30 |     +0.0% |       0 |       0 |             0 |       427
       40 |     +0.0% |       0 |       0 |             0 |       417
       50 |     +0.0% |       0 |       0 |             0 |       407
       60 |     +0.0% |       0 |       0 |             0 |       397
       70 |     +0.0% |       0 |       0 |             0 |       387
       80 |     +0.0% |       0 |       0 |             0 |       377
       90 |     +0.0% |       0 |       0 |             0 |       367
      100 |     +0.0% |       0 |       0 |             0 |       357
      110 |     +0.0% |       0 |       0 |             0 |       347
      120 |     +0.0% |       0 |       0 |             0 |       337
      130 |     +0.0% |       0 |       0 |             0 |       327
      140 |     +0.0% |       0 |       0 |             0 |       317
      150 |     +0.0% |       0 |       0 |             0 |       307
      160 |     +0.0% |       0 |       0 |             0 |       297
      170 |     +0.0% |       0 |       0 |             0 |       287
      180 |     +0.0% |       0 |       0 |             0 |       277
      190 |     +0.0% |       0 |       0 |             0 |       267
      200 |     +0.0% |       0 |       0 |             0 |       257
      210 |     +0.0% |       0 |       0 |             0 |       247
      220 |     +0.0% |       0 |       0 |             0 |       237
      230 |     +0.0% |       0 |       0 |             0 |       227
      240 |     +0.0% |       0 |       0 |             0 |       217
      250 |     +0.0% |       0 |       0 |             0 |       207
      260 |     +0.0% |       0 |       0 |             0 |       197
      270 |     +0.0% |       0 |       0 |             0 |       187
      280 |     +0.0% |       0 |       0 |             0 |       177
      290 |     +0.0% |       0 |       0 |             0 |       167
      300 |     +0.0% |       0 |       0 |             0 |       157
      310 |     +0.0% |       0 |       0 |             0 |       147
      320 |     +0.0% |       0 |       0 |             0 |       137
      330 |     +0.0% |       0 |       0 |             0 |       127
      340 |     +0.0% |       0 |       0 |             0 |       117
      350 |     +0.0% |       0 |       0 |             0 |       107
      360 |     +0.0% |       0 |       0 |             0 |        97
      370 |     +0.0% |       0 |       0 |             0 |        87
      380 |     +0.0% |       0 |       0 |             0 |        77
      390 |     +0.0% |       0 |       0 |             0 |        67
      400 |     +0.0% |       0 |       0 |             0 |        57
      410 |     +0.0% |       0 |       0 |             0 |        47
      420 |     +0.0% |       0 |       0 |             0 |        37
      430 |     +0.0% |       0 |       0 |             0 |        27
      440 |     +0.0% |       0 |       0 |             0 |        17
      450 |     +0.0% |       0 |       0 |             0 |         7
    final |     +0.0% |       0 |       0 |             0 |         0
---------------------------------------------------------------------
global_route -start_incremental
detailed_placement
[INFO DPL-0006] Core area: 5540.31 um^2, Instances area: 4229.06 um^2, Utilization: 76.3%
[INFO DPL-0005] Diamond search max displacement: +/- 500 sites horizontally, +/- 100 rows vertically.
[INFO DPL-1101] Legalizing using diamond search.
Movements Summary
---------------------------------------
Total cells:                     419
Diamond Move Success:            419 (100.00%)
Diamond Move Failure:              0
Rip-up and replace Success:        0 (  0.00% of diamond failures)
Rip-up and replace Failure:        0
Total Placement Failures:          0
---------------------------------------
Placement Analysis
---------------------------------
total displacement          0.0 u
average displacement        0.0 u
max displacement            0.0 u
original HPWL            6090.9 u
legalized HPWL           6090.9 u
delta HPWL                    0 %

global_route -end_incremental -congestion_report_file ./reports/sky130hd/gcd/base/congestion_post_repair_design.rpt
Repair setup and hold violations...
estimate_parasitics -global_routing
repair_timing -setup_margin 0 -hold_margin 0 -repair_tns 100 -verbose
[INFO RSZ-0100] Repair move sequence: UnbufferMove SizeUpMove SwapPinsMove BufferMove CloneMove SplitLoadMove 
[INFO RSZ-0094] Found 68 endpoints with setup violations.
[INFO RSZ-0099] Repairing 68 out of 68 (100.00%) violating endpoints...
   Iter   | Removed | Resized | Inserted | Cloned |  Pin  |   Area   |    WNS   |   StTNS    |   EnTNS    |  Viol  |  Worst  
          | Buffers |  Gates  | Buffers  |  Gates | Swaps |          |          |            |            | Endpts | St/EnPt 
------------------------------------------------------------------------------------------------------------------------------
       0* |       0 |       0 |        0 |      0 |     0 |    +0.0% |   -2.027 |      -58.0 |      -80.4 |     68 | resp_msg[13]
      10* |       0 |       3 |        0 |      0 |     6 |    +0.2% |   -2.009 |      -58.1 |      -80.4 |     68 | resp_msg[11]
      20* |       0 |       8 |        1 |      0 |    10 |    +0.9% |   -1.977 |      -57.7 |      -80.0 |     68 | resp_msg[11]
      30* |       0 |      13 |        3 |      0 |    13 |    +1.9% |   -1.882 |      -56.8 |      -78.7 |     68 | resp_msg[15]
      40* |       0 |      17 |        4 |      0 |    18 |    +2.6% |   -1.860 |      -55.6 |      -79.0 |     68 | resp_msg[14]
      50* |       0 |      25 |        4 |      0 |    20 |    +3.6% |   -1.841 |      -53.9 |      -78.8 |     68 | resp_msg[10]
      60* |       0 |      31 |        5 |      0 |    23 |    +4.5% |   -1.800 |      -53.7 |      -78.5 |     68 | resp_msg[9]
      70* |       0 |      35 |        8 |      0 |    26 |    +5.3% |   -1.752 |      -52.8 |      -79.8 |     68 | resp_msg[12]
      80* |       0 |      39 |       10 |      0 |    30 |    +6.1% |   -1.718 |      -50.3 |      -80.6 |     68 | resp_msg[5]
      90* |       0 |      45 |       12 |      0 |    32 |    +7.1% |   -1.695 |      -49.6 |      -79.4 |     68 | resp_msg[4]
     100* |       0 |      55 |       12 |      0 |    32 |    +8.0% |   -1.661 |      -49.4 |      -78.9 |     68 | resp_msg[15]
     102* |       0 |      54 |       12 |      0 |    32 |    +8.2% |   -1.648 |      -49.4 |      -78.9 |     68 | resp_msg[15]
     106* |       0 |      54 |       12 |      0 |    32 |    +8.2% |   -1.648 |      -49.4 |      -78.9 |     68 | resp_msg[15]
     110* |       0 |      56 |       13 |      0 |    32 |    +8.3% |   -1.648 |      -49.4 |      -78.9 |     68 | resp_msg[15]
     110* |       0 |      56 |       13 |      0 |    32 |    +8.3% |   -1.648 |      -49.4 |      -78.9 |     68 | resp_msg[15]
     116* |       0 |      59 |       13 |      0 |    33 |    +8.2% |   -1.648 |      -49.4 |      -78.9 |     68 | resp_msg[15]
     120* |       0 |      62 |       13 |      0 |    33 |    +8.6% |   -1.649 |      -49.5 |      -78.9 |     68 | resp_msg[15]
     120* |       0 |      61 |       13 |      0 |    33 |    +8.4% |   -1.647 |      -49.4 |      -78.9 |     68 | resp_msg[8]
     123* |       0 |      63 |       13 |      0 |    33 |    +8.4% |   -1.647 |      -49.4 |      -78.9 |     68 | resp_msg[8]
     127* |       1 |      65 |       13 |      0 |    33 |    +8.1% |   -1.647 |      -49.4 |      -78.7 |     68 | resp_msg[8]
     130* |       2 |      66 |       13 |      0 |    33 |    +7.8% |   -1.647 |      -49.4 |      -78.7 |     68 | resp_msg[8]
     131* |       2 |      66 |       13 |      0 |    33 |    +7.8% |   -1.647 |      -49.4 |      -78.7 |     68 | resp_msg[8]
     136* |       2 |      68 |       13 |      0 |    35 |    +7.6% |   -1.646 |      -49.5 |      -77.9 |     68 | resp_msg[15]
     140* |       2 |      70 |       14 |      0 |    35 |    +7.9% |   -1.646 |      -49.0 |      -76.6 |     68 | resp_msg[15]
     144* |       2 |      70 |       13 |      0 |    35 |    +7.7% |   -1.646 |      -49.1 |      -77.5 |     68 | resp_msg[15]
     147* |       2 |      70 |       13 |      0 |    35 |    +7.7% |   -1.646 |      -49.1 |      -77.5 |     68 | resp_msg[15]
     150* |       2 |      72 |       13 |      0 |    35 |    +7.9% |   -1.646 |      -48.9 |      -77.1 |     68 | resp_msg[15]
     160* |       2 |      76 |       16 |      0 |    38 |    +8.5% |   -1.646 |      -48.9 |      -77.3 |     68 | resp_msg[15]
     162* |       2 |      73 |       14 |      0 |    38 |    +8.1% |   -1.646 |      -48.9 |      -77.2 |     68 | resp_msg[15]
     170* |       3 |      77 |       15 |      0 |    39 |    +8.2% |   -1.646 |      -48.9 |      -76.7 |     68 | resp_msg[15]
     170* |       3 |      77 |       15 |      0 |    39 |    +8.2% |   -1.646 |      -48.9 |      -76.7 |     68 | resp_msg[15]
     174* |       3 |      78 |       15 |      0 |    39 |    +8.2% |   -1.646 |      -48.9 |      -76.7 |     68 | resp_msg[15]
     180* |       3 |      80 |       16 |      0 |    41 |    +8.5% |   -1.646 |      -48.3 |      -75.4 |     68 | resp_msg[15]
     182* |       3 |      80 |       16 |      0 |    40 |    +8.5% |   -1.646 |      -48.1 |      -75.4 |     68 | resp_msg[15]
     187* |       3 |      83 |       16 |      0 |    41 |    +8.6% |   -1.646 |      -48.0 |      -74.9 |     68 | resp_msg[15]
     190* |       3 |      85 |       16 |      0 |    41 |    +8.7% |   -1.646 |      -47.9 |      -74.9 |     68 | resp_msg[15]
     191* |       3 |      85 |       16 |      0 |    41 |    +8.7% |   -1.646 |      -47.9 |      -74.9 |     68 | resp_msg[15]
     195* |       4 |      86 |       16 |      0 |    42 |    +8.5% |   -1.646 |      -47.6 |      -74.8 |     68 | resp_msg[15]
     198* |       4 |      87 |       16 |      0 |    42 |    +8.5% |   -1.646 |      -47.6 |      -74.8 |     68 | resp_msg[15]
     200* |       4 |      88 |       16 |      0 |    42 |    +8.5% |   -1.646 |      -47.6 |      -74.8 |     68 | resp_msg[15]
     206* |       4 |      90 |       16 |      0 |    43 |    +8.9% |   -1.640 |      -47.6 |      -74.8 |     68 | resp_msg[15]
     210* |       4 |      92 |       16 |      0 |    44 |    +9.0% |   -1.640 |      -47.7 |      -74.8 |     68 | resp_msg[15]
     210* |       4 |      92 |       16 |      0 |    43 |    +9.0% |   -1.640 |      -47.7 |      -74.8 |     68 | resp_msg[15]
     217* |       4 |      96 |       17 |      0 |    44 |    +9.5% |   -1.640 |      -47.8 |      -75.0 |     68 | resp_msg[15]
     220* |       4 |      98 |       17 |      0 |    44 |    +9.6% |   -1.640 |      -47.8 |      -75.1 |     68 | resp_msg[15]
     221* |       4 |      98 |       17 |      0 |    44 |    +9.6% |   -1.640 |      -47.8 |      -75.1 |     68 | resp_msg[15]
     224* |       4 |      99 |       17 |      0 |    44 |    +9.6% |   -1.640 |      -47.8 |      -75.0 |     68 | resp_msg[15]
     227* |       4 |     100 |       17 |      0 |    44 |    +9.6% |   -1.640 |      -47.8 |      -75.0 |     68 | resp_msg[15]
     230* |       4 |     101 |       17 |      0 |    45 |    +9.6% |   -1.640 |      -47.8 |      -75.0 |     68 | resp_msg[15]
     230* |       4 |     101 |       17 |      0 |    44 |    +9.6% |   -1.640 |      -47.8 |      -75.0 |     68 | resp_msg[15]
     233* |       4 |     102 |       17 |      0 |    44 |    +9.6% |   -1.640 |      -47.8 |      -75.0 |     68 | resp_msg[15]
     236* |       4 |     103 |       17 |      0 |    44 |    +9.6% |   -1.640 |      -47.8 |      -75.0 |     68 | resp_msg[15]
     239* |       4 |     104 |       17 |      0 |    44 |    +9.6% |   -1.640 |      -47.8 |      -75.0 |     68 | resp_msg[15]
     240* |       4 |     104 |       17 |      0 |    44 |    +9.6% |   -1.640 |      -47.8 |      -75.0 |     68 | resp_msg[15]
     242* |       4 |     104 |       17 |      0 |    45 |    +9.6% |   -1.640 |      -47.8 |      -74.6 |     68 | resp_msg[15]
     244* |       4 |     104 |       17 |      0 |    45 |    +9.6% |   -1.640 |      -47.8 |      -74.6 |     68 | resp_msg[15]
     246* |       4 |     104 |       17 |      0 |    45 |    +9.6% |   -1.640 |      -47.8 |      -74.6 |     68 | resp_msg[15]
     248* |       4 |     104 |       17 |      0 |    45 |    +9.6% |   -1.640 |      -47.8 |      -74.6 |     68 | resp_msg[15]
     249* |       4 |     104 |       17 |      0 |    45 |    +9.6% |   -1.640 |      -47.8 |      -74.6 |     68 | resp_msg[15]
     250* |       4 |     104 |       17 |      0 |    45 |    +9.6% |   -1.640 |      -47.8 |      -74.6 |     68 | resp_msg[15]
     251* |       4 |     104 |       17 |      0 |    45 |    +9.6% |   -1.640 |      -47.8 |      -74.6 |     68 | resp_msg[15]
     253* |       4 |     104 |       17 |      0 |    45 |    +9.6% |   -1.640 |      -47.8 |      -74.6 |     68 | resp_msg[15]
     254* |       4 |     104 |       17 |      0 |    45 |    +9.6% |   -1.640 |      -47.8 |      -74.6 |     68 | resp_msg[15]
     255* |       4 |     104 |       17 |      0 |    45 |    +9.6% |   -1.640 |      -47.8 |      -74.6 |     68 | resp_msg[15]
     256* |       4 |     104 |       17 |      0 |    45 |    +9.6% |   -1.640 |      -47.8 |      -74.6 |     68 | resp_msg[15]
     258* |       4 |     104 |       17 |      0 |    45 |    +9.6% |   -1.640 |      -47.8 |      -74.6 |     68 | resp_msg[15]
     260* |       4 |     104 |       17 |      1 |    45 |   +10.1% |   -1.640 |      -48.0 |      -75.6 |     68 | resp_msg[15]
     260* |       4 |     104 |       17 |      0 |    45 |    +9.6% |   -1.640 |      -47.8 |      -74.6 |     68 | resp_msg[15]
     262* |       4 |     104 |       17 |      0 |    45 |    +9.6% |   -1.640 |      -47.8 |      -74.6 |     68 | resp_msg[15]
     263* |       4 |     104 |       17 |      0 |    45 |    +9.6% |   -1.640 |      -47.8 |      -74.6 |     68 | resp_msg[15]
     264* |       4 |     104 |       17 |      0 |    45 |    +9.6% |   -1.640 |      -47.8 |      -74.6 |     68 | resp_msg[15]
     270* |       4 |     108 |       17 |      0 |    46 |    +9.7% |   -1.640 |      -47.8 |      -74.2 |     68 | resp_msg[15]
     270* |       4 |     108 |       17 |      0 |    46 |    +9.7% |   -1.640 |      -47.8 |      -74.2 |     68 | resp_msg[15]
     271* |       4 |     108 |       17 |      0 |    46 |    +9.7% |   -1.640 |      -47.8 |      -74.2 |     68 | resp_msg[15]
     275* |       4 |     109 |       17 |      0 |    47 |    +9.8% |   -1.640 |      -47.9 |      -74.1 |     68 | resp_msg[15]
     280* |       4 |     111 |       17 |      0 |    49 |   +10.0% |   -1.640 |      -47.9 |      -74.2 |     68 | resp_msg[15]
     280* |       4 |     110 |       17 |      0 |    47 |    +9.9% |   -1.640 |      -47.9 |      -74.2 |     68 | resp_msg[15]
     290* |       4 |     116 |       19 |      0 |    48 |   +10.8% |   -1.640 |      -47.9 |      -73.8 |     68 | resp_msg[15]
     297* |       4 |     114 |       17 |      0 |    48 |   +10.5% |   -1.640 |      -47.9 |      -73.7 |     68 | resp_msg[15]
     300* |       4 |     114 |       18 |      0 |    49 |   +10.7% |   -1.640 |      -47.9 |      -73.6 |     68 | resp_msg[15]
     304* |       4 |     116 |       18 |      0 |    50 |   +10.9% |   -1.640 |      -47.9 |      -73.3 |     68 | resp_msg[15]
     310* |       4 |     119 |       18 |      0 |    52 |   +11.1% |   -1.640 |      -47.7 |      -73.3 |     68 | resp_msg[15]
     312* |       4 |     121 |       18 |      0 |    52 |   +11.0% |   -1.640 |      -46.9 |      -72.9 |     68 | resp_msg[15]
     320* |       4 |     125 |       24 |      1 |    52 |   +13.0% |   -1.640 |      -46.7 |      -72.9 |     68 | resp_msg[15]
     324* |       4 |     125 |       24 |      1 |    52 |   +13.0% |   -1.640 |      -46.7 |      -72.9 |     68 | resp_msg[15]
     330* |       4 |     128 |       25 |      2 |    52 |   +14.1% |   -1.640 |      -46.7 |      -73.2 |     68 | resp_msg[15]
     330* |       4 |     128 |       25 |      2 |    52 |   +14.1% |   -1.640 |      -46.7 |      -73.2 |     68 | resp_msg[15]
     332* |       4 |     129 |       25 |      2 |    52 |   +14.1% |   -1.640 |      -46.7 |      -73.2 |     68 | resp_msg[15]
     334* |       4 |     130 |       25 |      2 |    52 |   +14.2% |   -1.640 |      -46.7 |      -73.2 |     68 | resp_msg[15]
     336* |       4 |     131 |       25 |      2 |    52 |   +14.3% |   -1.640 |      -46.7 |      -73.2 |     68 | resp_msg[15]
     338* |       4 |     132 |       25 |      2 |    52 |   +14.4% |   -1.640 |      -46.7 |      -73.1 |     68 | resp_msg[15]
     340* |       4 |     133 |       25 |      2 |    52 |   +14.5% |   -1.640 |      -46.7 |      -73.1 |     68 | resp_msg[15]
     340* |       4 |     133 |       25 |      2 |    52 |   +14.5% |   -1.640 |      -46.7 |      -73.1 |     68 | resp_msg[15]
     342* |       4 |     134 |       25 |      2 |    52 |   +14.6% |   -1.640 |      -46.7 |      -73.1 |     68 | resp_msg[15]
     344* |       4 |     135 |       25 |      2 |    52 |   +14.7% |   -1.640 |      -46.7 |      -73.1 |     68 | resp_msg[15]
     346* |       4 |     136 |       25 |      2 |    52 |   +14.8% |   -1.640 |      -46.7 |      -73.1 |     68 | resp_msg[15]
     350* |       4 |     139 |       25 |      2 |    52 |   +15.0% |   -1.640 |      -46.7 |      -72.9 |     68 | resp_msg[15]
     351* |       4 |     140 |       25 |      2 |    52 |   +15.1% |   -1.640 |      -46.7 |      -72.9 |     68 | resp_msg[15]
     354* |       4 |     142 |       25 |      2 |    52 |   +15.3% |   -1.640 |      -46.7 |      -72.9 |     68 | resp_msg[15]
     357* |       4 |     144 |       25 |      2 |    52 |   +15.5% |   -1.640 |      -46.7 |      -72.9 |     68 | resp_msg[15]
     359* |       4 |     145 |       25 |      2 |    52 |   +15.6% |   -1.640 |      -46.7 |      -72.9 |     68 | resp_msg[15]
     360* |       4 |     145 |       25 |      2 |    52 |   +15.6% |   -1.640 |      -46.7 |      -72.9 |     68 | resp_msg[15]
     362* |       4 |     147 |       25 |      2 |    52 |   +15.7% |   -1.640 |      -46.7 |      -72.8 |     68 | resp_msg[15]
     364* |       4 |     148 |       25 |      2 |    52 |   +15.8% |   -1.640 |      -46.7 |      -72.8 |     68 | resp_msg[15]
     367* |       4 |     150 |       25 |      2 |    52 |   +16.0% |   -1.640 |      -46.7 |      -72.8 |     68 | resp_msg[15]
     367* |       4 |     150 |       25 |      2 |    52 |   +16.0% |   -1.640 |      -46.7 |      -72.8 |     68 | resp_msg[15]
     368+ |       4 |     150 |       25 |      2 |    52 |   +16.0% |   -1.640 |      -46.7 |      -72.8 |     85 | resp_msg[15]
     370+ |       4 |     151 |       25 |      2 |    52 |   +16.2% |   -1.640 |      -46.8 |      -72.7 |     85 | resp_msg[15]
     370+ |       4 |     151 |       25 |      2 |    52 |   +16.2% |   -1.640 |      -46.8 |      -72.7 |     85 | resp_msg[15]
     371+ |       4 |     151 |       25 |      2 |    52 |   +16.2% |   -1.640 |      -46.8 |      -72.7 |     85 | resp_msg[15]
     372+ |       4 |     151 |       25 |      2 |    52 |   +16.2% |   -1.640 |      -46.8 |      -72.7 |     85 | resp_msg[15]
     373+ |       4 |     151 |       25 |      2 |    52 |   +16.2% |   -1.640 |      -46.8 |      -72.7 |     85 | resp_msg[15]
     374+ |       4 |     151 |       25 |      2 |    52 |   +16.2% |   -1.640 |      -46.8 |      -72.7 |     85 | resp_msg[15]
     375+ |       4 |     151 |       25 |      2 |    52 |   +16.2% |   -1.640 |      -46.8 |      -72.7 |     85 | resp_msg[15]
     376+ |       4 |     151 |       25 |      2 |    52 |   +16.2% |   -1.640 |      -46.8 |      -72.7 |     85 | resp_msg[15]
     377+ |       4 |     151 |       25 |      2 |    52 |   +16.2% |   -1.640 |      -46.8 |      -72.7 |     85 | resp_msg[15]
     378+ |       4 |     151 |       25 |      2 |    52 |   +16.2% |   -1.640 |      -46.8 |      -72.7 |     85 | resp_msg[15]
     379+ |       4 |     151 |       25 |      2 |    52 |   +16.2% |   -1.640 |      -46.8 |      -72.7 |     85 | resp_msg[15]
     380+ |       4 |     151 |       25 |      2 |    52 |   +16.2% |   -1.640 |      -46.8 |      -72.7 |     85 | resp_msg[15]
     380+ |       4 |     151 |       25 |      2 |    52 |   +16.2% |   -1.640 |      -46.8 |      -72.7 |     85 | resp_msg[15]
     381+ |       4 |     151 |       25 |      2 |    52 |   +16.2% |   -1.640 |      -46.8 |      -72.7 |     85 | resp_msg[15]
     382+ |       4 |     151 |       25 |      2 |    52 |   +16.2% |   -1.640 |      -46.8 |      -72.7 |     85 | resp_msg[15]
     383+ |       4 |     151 |       25 |      2 |    52 |   +16.2% |   -1.640 |      -46.8 |      -72.7 |     85 | resp_msg[15]
     384+ |       4 |     151 |       25 |      2 |    52 |   +16.2% |   -1.640 |      -46.8 |      -72.7 |     85 | resp_msg[15]
     385+ |       4 |     151 |       25 |      2 |    52 |   +16.2% |   -1.640 |      -46.8 |      -72.7 |     85 | resp_msg[15]
     386+ |       4 |     151 |       25 |      2 |    52 |   +16.2% |   -1.640 |      -46.8 |      -72.7 |     85 | resp_msg[15]
     387+ |       4 |     151 |       25 |      2 |    52 |   +16.2% |   -1.640 |      -46.8 |      -72.7 |     85 | resp_msg[15]
     388+ |       4 |     151 |       25 |      2 |    52 |   +16.2% |   -1.640 |      -46.8 |      -72.7 |     85 | resp_msg[15]
     389+ |       4 |     151 |       25 |      2 |    52 |   +16.2% |   -1.640 |      -46.8 |      -72.7 |     85 | resp_msg[15]
     390+ |       4 |     151 |       25 |      2 |    52 |   +16.2% |   -1.640 |      -46.8 |      -72.7 |     85 | resp_msg[15]
     390+ |       4 |     151 |       25 |      2 |    52 |   +16.2% |   -1.640 |      -46.8 |      -72.7 |     85 | resp_msg[15]
     391+ |       4 |     151 |       25 |      2 |    52 |   +16.2% |   -1.640 |      -46.8 |      -72.7 |     85 | resp_msg[15]
     392+ |       4 |     151 |       25 |      2 |    52 |   +16.2% |   -1.640 |      -46.8 |      -72.7 |     85 | resp_msg[15]
     393+ |       4 |     151 |       25 |      2 |    52 |   +16.2% |   -1.640 |      -46.8 |      -72.7 |     85 | resp_msg[15]
     394+ |       4 |     151 |       25 |      2 |    52 |   +16.2% |   -1.640 |      -46.8 |      -72.7 |     85 | resp_msg[15]
     395+ |       4 |     151 |       25 |      2 |    52 |   +16.2% |   -1.640 |      -46.8 |      -72.7 |     85 | resp_msg[15]
     396+ |       4 |     151 |       25 |      2 |    52 |   +16.2% |   -1.640 |      -46.8 |      -72.7 |     85 | resp_msg[15]
     397+ |       4 |     151 |       25 |      2 |    52 |   +16.2% |   -1.640 |      -46.8 |      -72.7 |     85 | resp_msg[15]
     398+ |       4 |     151 |       25 |      2 |    52 |   +16.2% |   -1.640 |      -46.8 |      -72.7 |     85 | resp_msg[15]
     399+ |       4 |     151 |       25 |      2 |    52 |   +16.2% |   -1.640 |      -46.8 |      -72.7 |     85 | resp_msg[15]
     400+ |       4 |     151 |       25 |      2 |    52 |   +16.2% |   -1.640 |      -46.8 |      -72.7 |     85 | resp_msg[15]
     400+ |       4 |     151 |       25 |      2 |    52 |   +16.2% |   -1.640 |      -46.8 |      -72.7 |     85 | resp_msg[15]
     401+ |       4 |     151 |       25 |      2 |    52 |   +16.2% |   -1.640 |      -46.8 |      -72.7 |     85 | resp_msg[15]
     402+ |       4 |     151 |       25 |      2 |    52 |   +16.2% |   -1.640 |      -46.8 |      -72.7 |     85 | resp_msg[15]
     403+ |       4 |     151 |       25 |      2 |    52 |   +16.2% |   -1.640 |      -46.8 |      -72.7 |     85 | resp_msg[15]
     404+ |       4 |     151 |       25 |      2 |    52 |   +16.2% |   -1.640 |      -46.8 |      -72.7 |     85 | resp_msg[15]
     405+ |       4 |     151 |       25 |      2 |    52 |   +16.2% |   -1.640 |      -46.8 |      -72.7 |     85 | resp_msg[15]
     406+ |       4 |     151 |       25 |      2 |    52 |   +16.2% |   -1.640 |      -46.8 |      -72.7 |     85 | resp_msg[15]
     407+ |       4 |     151 |       25 |      2 |    52 |   +16.2% |   -1.640 |      -46.8 |      -72.7 |     85 | resp_msg[15]
     408+ |       4 |     151 |       25 |      2 |    52 |   +16.2% |   -1.640 |      -46.8 |      -72.7 |     85 | resp_msg[15]
     410+ |       4 |     152 |       25 |      2 |    52 |   +16.0% |   -1.640 |      -46.8 |      -72.7 |     85 | resp_msg[15]
     410+ |       4 |     152 |       25 |      2 |    52 |   +16.0% |   -1.640 |      -46.8 |      -72.7 |     85 | resp_msg[15]
     412+ |       4 |     153 |       25 |      2 |    52 |   +15.9% |   -1.640 |      -46.8 |      -72.7 |     85 | resp_msg[15]
     413+ |       4 |     153 |       25 |      2 |    52 |   +15.9% |   -1.640 |      -46.8 |      -72.7 |     85 | resp_msg[15]
     414+ |       4 |     153 |       25 |      2 |    52 |   +15.9% |   -1.640 |      -46.8 |      -72.7 |     85 | resp_msg[15]
     415+ |       4 |     153 |       25 |      2 |    52 |   +15.9% |   -1.640 |      -46.8 |      -72.7 |     85 | resp_msg[15]
     417+ |       4 |     154 |       25 |      2 |    52 |   +15.9% |   -1.640 |      -46.8 |      -72.7 |     85 | resp_msg[15]
     418+ |       4 |     154 |       25 |      2 |    52 |   +15.9% |   -1.640 |      -46.8 |      -72.7 |     85 | resp_msg[15]
     419+ |       4 |     154 |       25 |      2 |    52 |   +15.9% |   -1.640 |      -46.8 |      -72.7 |     85 | resp_msg[15]
     420+ |       4 |     154 |       25 |      2 |    52 |   +15.9% |   -1.640 |      -46.8 |      -72.7 |     85 | resp_msg[15]
     421+ |       4 |     155 |       25 |      2 |    52 |   +15.7% |   -1.640 |      -46.8 |      -72.7 |     85 | resp_msg[15]
     422+ |       4 |     155 |       25 |      2 |    52 |   +15.7% |   -1.640 |      -46.8 |      -72.7 |     85 | resp_msg[15]
     423+ |       4 |     155 |       25 |      2 |    52 |   +15.7% |   -1.640 |      -46.8 |      -72.7 |     85 | resp_msg[15]
     424+ |       4 |     155 |       25 |      2 |    52 |   +15.7% |   -1.640 |      -46.8 |      -72.7 |     85 | resp_msg[15]
     425+ |       4 |     155 |       25 |      2 |    52 |   +15.7% |   -1.640 |      -46.8 |      -72.7 |     85 | resp_msg[15]
     426+ |       4 |     155 |       25 |      2 |    52 |   +15.7% |   -1.640 |      -46.8 |      -72.7 |     85 | resp_msg[15]
     427+ |       4 |     155 |       25 |      2 |    52 |   +15.7% |   -1.640 |      -46.8 |      -72.7 |     85 | resp_msg[15]
     428+ |       4 |     155 |       25 |      2 |    52 |   +15.7% |   -1.640 |      -46.8 |      -72.7 |     85 | resp_msg[15]
     429+ |       4 |     155 |       25 |      2 |    52 |   +15.7% |   -1.640 |      -46.8 |      -72.7 |     85 | resp_msg[15]
     430+ |       4 |     155 |       25 |      2 |    52 |   +15.7% |   -1.640 |      -46.8 |      -72.7 |     85 | resp_msg[15]
     430+ |       4 |     155 |       25 |      2 |    52 |   +15.7% |   -1.640 |      -46.8 |      -72.7 |     85 | resp_msg[15]
     431+ |       4 |     155 |       25 |      2 |    52 |   +15.7% |   -1.640 |      -46.8 |      -72.7 |     85 | resp_msg[15]
     432+ |       4 |     155 |       25 |      2 |    52 |   +15.7% |   -1.640 |      -46.8 |      -72.7 |     85 | resp_msg[15]
     433+ |       4 |     155 |       25 |      2 |    52 |   +15.7% |   -1.640 |      -46.8 |      -72.7 |     85 | resp_msg[15]
     434+ |       4 |     155 |       25 |      2 |    52 |   +15.7% |   -1.640 |      -46.8 |      -72.7 |     85 | resp_msg[15]
     436+ |       4 |     156 |       25 |      2 |    52 |   +15.6% |   -1.640 |      -46.8 |      -72.7 |     85 | resp_msg[15]
     437+ |       4 |     156 |       25 |      2 |    52 |   +15.6% |   -1.640 |      -46.8 |      -72.7 |     85 | resp_msg[15]
     438+ |       4 |     156 |       25 |      2 |    52 |   +15.6% |   -1.640 |      -46.8 |      -72.7 |     85 | resp_msg[15]
     439+ |       4 |     156 |       25 |      2 |    52 |   +15.6% |   -1.640 |      -46.8 |      -72.7 |     85 | resp_msg[15]
     440+ |       4 |     156 |       25 |      2 |    52 |   +15.6% |   -1.640 |      -46.8 |      -72.7 |     85 | resp_msg[15]
     440+ |       4 |     156 |       25 |      2 |    52 |   +15.6% |   -1.640 |      -46.8 |      -72.7 |     85 | resp_msg[15]
     441+ |       4 |     156 |       25 |      2 |    52 |   +15.6% |   -1.640 |      -46.8 |      -72.7 |     85 | resp_msg[15]
     442+ |       4 |     157 |       25 |      2 |    52 |   +15.7% |   -1.640 |      -46.8 |      -72.2 |     85 | resp_msg[15]
     443+ |       4 |     157 |       25 |      2 |    52 |   +15.7% |   -1.640 |      -46.8 |      -72.2 |     85 | resp_msg[15]
     444+ |       4 |     157 |       25 |      2 |    52 |   +15.7% |   -1.640 |      -46.8 |      -72.2 |     85 | resp_msg[15]
     445+ |       4 |     157 |       25 |      2 |    52 |   +15.7% |   -1.640 |      -46.8 |      -72.2 |     85 | resp_msg[15]
     446+ |       4 |     157 |       25 |      2 |    52 |   +15.7% |   -1.640 |      -46.8 |      -72.2 |     85 | resp_msg[15]
     447+ |       4 |     157 |       25 |      2 |    52 |   +15.7% |   -1.640 |      -46.8 |      -72.2 |     85 | resp_msg[15]
     448+ |       4 |     157 |       25 |      2 |    52 |   +15.7% |   -1.640 |      -46.8 |      -72.2 |     85 | resp_msg[15]
     449+ |       4 |     157 |       25 |      2 |    52 |   +15.7% |   -1.640 |      -46.8 |      -72.2 |     85 | resp_msg[15]
     450+ |       4 |     157 |       25 |      2 |    52 |   +15.7% |   -1.640 |      -46.8 |      -72.2 |     85 | resp_msg[15]
     450+ |       4 |     157 |       25 |      2 |    52 |   +15.7% |   -1.640 |      -46.8 |      -72.2 |     85 | resp_msg[15]
     451+ |       4 |     157 |       25 |      2 |    52 |   +15.7% |   -1.640 |      -46.8 |      -72.2 |     85 | resp_msg[15]
     452+ |       4 |     157 |       25 |      2 |    52 |   +15.7% |   -1.640 |      -46.8 |      -72.2 |     85 | resp_msg[15]
     453+ |       4 |     157 |       25 |      2 |    52 |   +15.7% |   -1.640 |      -46.8 |      -72.2 |     85 | resp_msg[15]
     454+ |       4 |     157 |       25 |      2 |    52 |   +15.7% |   -1.640 |      -46.8 |      -72.2 |     85 | resp_msg[15]
     455+ |       4 |     157 |       25 |      2 |    52 |   +15.7% |   -1.640 |      -46.8 |      -72.2 |     85 | resp_msg[15]
     456+ |       4 |     157 |       25 |      2 |    52 |   +15.7% |   -1.640 |      -46.8 |      -72.2 |     85 | resp_msg[15]
     457+ |       4 |     157 |       25 |      2 |    52 |   +15.7% |   -1.640 |      -46.8 |      -72.2 |     85 | resp_msg[15]
     458+ |       4 |     157 |       25 |      2 |    53 |   +15.7% |   -1.640 |      -46.8 |      -72.2 |     85 | resp_msg[15]
    final |       4 |     157 |       25 |      2 |    53 |   +15.7% |   -1.640 |      -46.8 |      -72.2 |     68 | resp_msg[15]
------------------------------------------------------------------------------------------------------------------------------
[INFO RSZ-0059] Removed 4 buffers.
[INFO RSZ-0040] Inserted 25 buffers.
[INFO RSZ-0051] Resized 157 instances: 157 up, 0 up match, 0 down, 0 VT
[INFO RSZ-0043] Swapped pins on 53 instances.
[INFO RSZ-0049] Cloned 2 instances.
[WARNING RSZ-0062] Unable to repair all setup violations.
[INFO RSZ-0033] No hold violations found.
Took 21 seconds: repair_timing -setup_margin 0 -hold_margin 0 -repair_tns 100 -verbose
global_route -start_incremental
detailed_placement
[INFO DPL-0006] Core area: 5540.31 um^2, Instances area: 4890.94 um^2, Utilization: 88.3%
[INFO DPL-0005] Diamond search max displacement: +/- 500 sites horizontally, +/- 100 rows vertically.
[INFO DPL-1101] Legalizing using diamond search.
Movements Summary
---------------------------------------
Total cells:                     442
Diamond Move Success:            442 (100.00%)
Diamond Move Failure:              0
Rip-up and replace Success:        0 (  0.00% of diamond failures)
Rip-up and replace Failure:        0
Total Placement Failures:          0
---------------------------------------
Placement Analysis
---------------------------------
total displacement        956.6 u
average displacement        1.9 u
max displacement           17.2 u
original HPWL            6601.7 u
legalized HPWL           7631.7 u
delta HPWL                   16 %

global_route -end_incremental -congestion_report_file ./reports/sky130hd/gcd/base/congestion_post_repair_timing.rpt
global_route -start_incremental
global_route -end_incremental -congestion_report_file ./reports/sky130hd/gcd/base/congestion_post_recover_power.rpt
Repair antennas...
[INFO GRT-0012] Found 0 antenna violations.
[INFO ANT-0002] Found 0 net violations.
[INFO ANT-0001] Found 0 pin violations.
Estimate parasitics...
estimate_parasitics -global_routing
Report metrics stage 5, global route...

==========================================================================
global route report_design_area
--------------------------------------------------------------------------
Design area 4891 um^2 88% utilization.
[INFO FLW-0007] clock core_clock period 1.100000
[INFO FLW-0008] Clock core_clock period 2.669
[INFO FLW-0009] Clock core_clock slack -1.709
[INFO FLW-0011] Path endpoint path count 88
write_db ./results/sky130hd/gcd/base/5_1_grt.odb
write_sdc -no_timestamp ./results/sky130hd/gcd/base/5_1_grt.sdc
Elapsed time: 0:34.78[h:]min:sec. CPU time: user 85.12 sys 2.33 (251%). Peak memory: 314880KB.
Log                       Ext     Elapsed/s Peak Memory/MB sha1sum result [0:20)
5_1_grt                   .odb           34            307 0ea036ebdbb5fd93da35
5_1_grt                   .sdc                             7bbf90fd690c4f65b9c3
