OpenROAD 26Q2-1846-g49bd051a10 
Features included (+) or not (-): +GPU +GUI +Python
This program is licensed under the BSD-3 license. See the LICENSE file for details.
Components of this program may be licensed under more restrictive licenses which must be honored.
[INFO ORD-0030] Using 8 thread(s).
read_liberty /OpenROAD-flow-scripts/flow/platforms/sky130hd/lib/sky130_fd_sc_hd__tt_025C_1v80.lib
read_db -hier ./results/sky130hd/gcd/base/5_1_grt.odb
[WARNING ORD-0012] Hierarchical flow (-hier) is currently in development and may cause multiple issues. Do not use in production environments.
read_sdc ./results/sky130hd/gcd/base/5_1_grt.sdc
source /OpenROAD-flow-scripts/flow/platforms/sky130hd/setRC.tcl
detailed_route -output_drc ./reports/sky130hd/gcd/base/5_route_drc.rpt -output_maze ./results/sky130hd/gcd/base/maze.log -droute_end_iter 64 -verbose 1 -drc_report_iter_step 5
[INFO DRT-0149] Reading tech and libs.
[WARNING DRT-0349] LEF58_ENCLOSURE with no CUTCLASS is not supported. Skipping for layer mcon
[WARNING DRT-0349] LEF58_ENCLOSURE with no CUTCLASS is not supported. Skipping for layer mcon
[WARNING DRT-0349] LEF58_ENCLOSURE with no CUTCLASS is not supported. Skipping for layer via
[WARNING DRT-0349] LEF58_ENCLOSURE with no CUTCLASS is not supported. Skipping for layer via
[WARNING DRT-0349] LEF58_ENCLOSURE with no CUTCLASS is not supported. Skipping for layer via2
[WARNING DRT-0349] LEF58_ENCLOSURE with no CUTCLASS is not supported. Skipping for layer via2
[WARNING DRT-0349] LEF58_ENCLOSURE with no CUTCLASS is not supported. Skipping for layer via3
[WARNING DRT-0349] LEF58_ENCLOSURE with no CUTCLASS is not supported. Skipping for layer via3
[WARNING DRT-0349] LEF58_ENCLOSURE with no CUTCLASS is not supported. Skipping for layer via4
[WARNING DRT-0349] LEF58_ENCLOSURE with no CUTCLASS is not supported. Skipping for layer via4

Units:                1000
Number of layers:     13
Number of macros:     437
Number of vias:       29
Number of viarulegen: 25

[INFO DRT-0150] Reading design.

Design:                   gcd
Die area:                 ( 0 0 ) ( 78050 78050 )
Number of track patterns: 12
Number of DEF vias:       0
Number of components:     514
Number of terminals:      56
Number of snets:          2
Number of nets:           475

[INFO DRT-0167] List of default vias:
  Layer via
    default via: M1M2_PR
  Layer via2
    default via: M2M3_PR
  Layer via3
    default via: M3M4_PR
  Layer via4
    default via: M4M5_PR
[INFO DRT-0162] Library cell analysis.
[INFO DRT-0163] Instance analysis.
[INFO DRT-0164] Number of unique instances = 101.
[INFO DRT-0168] Init region query.
[INFO DRT-0024]   Complete FR_MASTERSLICE.
[INFO DRT-0024]   Complete Fr_VIA.
[INFO DRT-0024]   Complete li1.
[INFO DRT-0024]   Complete mcon.
[INFO DRT-0024]   Complete met1.
[INFO DRT-0024]   Complete via.
[INFO DRT-0024]   Complete met2.
[INFO DRT-0024]   Complete via2.
[INFO DRT-0024]   Complete met3.
[INFO DRT-0024]   Complete via3.
[INFO DRT-0024]   Complete met4.
[INFO DRT-0024]   Complete via4.
[INFO DRT-0024]   Complete met5.
[INFO DRT-0033] FR_MASTERSLICE shape region query size = 0.
[INFO DRT-0033] FR_VIA shape region query size = 0.
[INFO DRT-0033] li1 shape region query size = 13090.
[INFO DRT-0033] mcon shape region query size = 8244.
[INFO DRT-0033] met1 shape region query size = 1762.
[INFO DRT-0033] via shape region query size = 350.
[INFO DRT-0033] met2 shape region query size = 239.
[INFO DRT-0033] via2 shape region query size = 280.
[INFO DRT-0033] met3 shape region query size = 235.
[INFO DRT-0033] via3 shape region query size = 280.
[INFO DRT-0033] met4 shape region query size = 88.
[INFO DRT-0033] via4 shape region query size = 13.
[INFO DRT-0033] met5 shape region query size = 23.
[INFO DRT-0165] Start pin access.
[INFO DRT-0078]   Complete 747 pins.
[INFO DRT-0079]   Complete 100 unique inst patterns.
[INFO DRT-0081]   Complete 101 unique inst patterns.
[INFO DRT-0084]   Complete 203 groups.
#scanned instances     = 514
#unique  instances     = 101
#stdCellGenAp          = 2757
#stdCellValidPlanarAp  = 14
#stdCellValidViaAp     = 1998
#stdCellPinNoAp        = 0
#stdCellPinCnt         = 1318
#instTermValidViaApCnt = 0
#macroGenAp            = 0
#macroValidPlanarAp    = 0
#macroValidViaAp       = 0
#macroNoAp             = 0
[INFO DRT-0166] Complete pin access.
[INFO DRT-0267] cpu time = 00:00:40, elapsed time = 00:00:05, memory = 253.09 (MB), peak = 252.39 (MB)

[INFO DRT-0157] Number of guides:     3134

[INFO DRT-0169] Post process guides.
[INFO DRT-0176] GCELLGRID X 0 DO 11 STEP 6900 ;
[INFO DRT-0177] GCELLGRID Y 0 DO 11 STEP 6900 ;
[INFO DRT-0028]   Complete FR_MASTERSLICE.
[INFO DRT-0028]   Complete Fr_VIA.
[INFO DRT-0028]   Complete li1.
[INFO DRT-0028]   Complete mcon.
[INFO DRT-0028]   Complete met1.
[INFO DRT-0028]   Complete via.
[INFO DRT-0028]   Complete met2.
[INFO DRT-0028]   Complete via2.
[INFO DRT-0028]   Complete met3.
[INFO DRT-0028]   Complete via3.
[INFO DRT-0028]   Complete met4.
[INFO DRT-0028]   Complete via4.
[INFO DRT-0028]   Complete met5.
[INFO DRT-0178] Init guide query.
[INFO DRT-0035]   Complete FR_MASTERSLICE (guide).
[INFO DRT-0035]   Complete Fr_VIA (guide).
[INFO DRT-0035]   Complete li1 (guide).
[INFO DRT-0035]   Complete mcon (guide).
[INFO DRT-0035]   Complete met1 (guide).
[INFO DRT-0035]   Complete via (guide).
[INFO DRT-0035]   Complete met2 (guide).
[INFO DRT-0035]   Complete via2 (guide).
[INFO DRT-0035]   Complete met3 (guide).
[INFO DRT-0035]   Complete via3 (guide).
[INFO DRT-0035]   Complete met4 (guide).
[INFO DRT-0035]   Complete via4 (guide).
[INFO DRT-0035]   Complete met5 (guide).
[INFO DRT-0036] FR_MASTERSLICE guide region query size = 0.
[INFO DRT-0036] FR_VIA guide region query size = 0.
[INFO DRT-0036] li1 guide region query size = 1111.
[INFO DRT-0036] mcon guide region query size = 0.
[INFO DRT-0036] met1 guide region query size = 934.
[INFO DRT-0036] via guide region query size = 0.
[INFO DRT-0036] met2 guide region query size = 480.
[INFO DRT-0036] via2 guide region query size = 0.
[INFO DRT-0036] met3 guide region query size = 52.
[INFO DRT-0036] via3 guide region query size = 0.
[INFO DRT-0036] met4 guide region query size = 8.
[INFO DRT-0036] via4 guide region query size = 0.
[INFO DRT-0036] met5 guide region query size = 0.
[INFO DRT-0179] Init gr pin query.
[INFO DRT-0267] cpu time = 00:00:00, elapsed time = 00:00:00, memory = 255.65 (MB), peak = 254.84 (MB)
[INFO DRT-0245] skipped writing guide updates to database.
[INFO DRT-0181] Start track assignment.
[INFO DRT-0184] Done with 1599 vertical wires in 1 frboxes and 986 horizontal wires in 1 frboxes.
[INFO DRT-0186] Done with 183 vertical wires in 1 frboxes and 286 horizontal wires in 1 frboxes.
[INFO DRT-0182] Complete track assignment.
[INFO DRT-0267] cpu time = 00:00:00, elapsed time = 00:00:00, memory = 264.41 (MB), peak = 263.73 (MB)
[INFO DRT-0187] Start routing data preparation.
[INFO DRT-0267] cpu time = 00:00:00, elapsed time = 00:00:00, memory = 264.42 (MB), peak = 263.73 (MB)
[INFO DRT-0194] Start detail routing.
[INFO DRT-0195] Start 0th optimization iteration.
    Completing 20% with 0 violations.
    elapsed time = 00:00:02, memory = 288.39 (MB).
    Completing 50% with 21 violations.
    elapsed time = 00:00:03, memory = 314.95 (MB).
    Completing 70% with 50 violations.
    elapsed time = 00:00:04, memory = 329.12 (MB).
    Completing 100% with 94 violations.
    elapsed time = 00:00:05, memory = 329.13 (MB).
[INFO DRT-0199]   Number of violations = 103.
Viol/Layer        met1   met2   met4
Metal Spacing       22      7      2
Recheck              6      3      0
Short               47     16      0
[INFO DRT-0267] cpu time = 00:00:05, elapsed time = 00:00:05, memory = 690.41 (MB), peak = 689.60 (MB)
Total wire length = 8763 um.
Total wire length on LAYER li1 = 0 um.
Total wire length on LAYER met1 = 4160 um.
Total wire length on LAYER met2 = 4112 um.
Total wire length on LAYER met3 = 329 um.
Total wire length on LAYER met4 = 162 um.
Total wire length on LAYER met5 = 0 um.
Total number of vias = 2775.
Up-via summary (total 2775):

-----------------------
 FR_MASTERSLICE       0
            li1    1332
           met1    1366
           met2      61
           met3      16
           met4       0
-----------------------
               2775


[INFO DRT-0195] Start 1st optimization iteration.
    Completing 20% with 103 violations.
    elapsed time = 00:00:00, memory = 690.43 (MB).
    Completing 50% with 100 violations.
    elapsed time = 00:00:02, memory = 720.36 (MB).
    Completing 70% with 87 violations.
    elapsed time = 00:00:03, memory = 731.29 (MB).
    Completing 100% with 35 violations.
    elapsed time = 00:00:04, memory = 737.47 (MB).
[INFO DRT-0199]   Number of violations = 35.
Viol/Layer        met1   met2
Metal Spacing        6      1
Short               25      3
[INFO DRT-0267] cpu time = 00:00:05, elapsed time = 00:00:05, memory = 737.54 (MB), peak = 736.63 (MB)
Total wire length = 8630 um.
Total wire length on LAYER li1 = 0 um.
Total wire length on LAYER met1 = 4102 um.
Total wire length on LAYER met2 = 4019 um.
Total wire length on LAYER met3 = 346 um.
Total wire length on LAYER met4 = 161 um.
Total wire length on LAYER met5 = 0 um.
Total number of vias = 2754.
Up-via summary (total 2754):

-----------------------
 FR_MASTERSLICE       0
            li1    1334
           met1    1338
           met2      67
           met3      15
           met4       0
-----------------------
               2754


[INFO DRT-0195] Start 2nd optimization iteration.
    Completing 10% with 35 violations.
    elapsed time = 00:00:00, memory = 737.54 (MB).
    Completing 20% with 35 violations.
    elapsed time = 00:00:00, memory = 737.54 (MB).
    Completing 30% with 35 violations.
    elapsed time = 00:00:00, memory = 737.54 (MB).
    Completing 40% with 35 violations.
    elapsed time = 00:00:00, memory = 737.55 (MB).
    Completing 50% with 35 violations.
    elapsed time = 00:00:00, memory = 761.54 (MB).
    Completing 60% with 35 violations.
    elapsed time = 00:00:00, memory = 761.74 (MB).
    Completing 70% with 58 violations.
    elapsed time = 00:00:00, memory = 761.75 (MB).
    Completing 80% with 58 violations.
    elapsed time = 00:00:01, memory = 761.75 (MB).
    Completing 100% with 68 violations.
    elapsed time = 00:00:04, memory = 761.75 (MB).
[INFO DRT-0199]   Number of violations = 68.
Viol/Layer        met1   met2   met3
Metal Spacing        8      2      4
Short               52      2      0
[INFO DRT-0267] cpu time = 00:00:04, elapsed time = 00:00:04, memory = 761.75 (MB), peak = 792.44 (MB)
Total wire length = 8580 um.
Total wire length on LAYER li1 = 0 um.
Total wire length on LAYER met1 = 4073 um.
Total wire length on LAYER met2 = 3993 um.
Total wire length on LAYER met3 = 349 um.
Total wire length on LAYER met4 = 164 um.
Total wire length on LAYER met5 = 0 um.
Total number of vias = 2727.
Up-via summary (total 2727):

-----------------------
 FR_MASTERSLICE       0
            li1    1334
           met1    1310
           met2      68
           met3      15
           met4       0
-----------------------
               2727


[INFO DRT-0195] Start 3rd guides tiles iteration.
    Completing 10% with 68 violations.
    elapsed time = 00:00:00, memory = 777.57 (MB).
    Completing 30% with 68 violations.
    elapsed time = 00:00:03, memory = 826.74 (MB).
    Completing 50% with 29 violations.
    elapsed time = 00:00:03, memory = 826.74 (MB).
    Completing 60% with 29 violations.
    elapsed time = 00:00:03, memory = 826.74 (MB).
    Completing 80% with 25 violations.
    elapsed time = 00:00:03, memory = 826.74 (MB).
    Completing 100% with 0 violations.
    elapsed time = 00:00:03, memory = 828.75 (MB).
[INFO DRT-0199]   Number of violations = 0.
[INFO DRT-0267] cpu time = 00:00:03, elapsed time = 00:00:03, memory = 828.75 (MB), peak = 870.11 (MB)
Total wire length = 8601 um.
Total wire length on LAYER li1 = 0 um.
Total wire length on LAYER met1 = 4015 um.
Total wire length on LAYER met2 = 4016 um.
Total wire length on LAYER met3 = 420 um.
Total wire length on LAYER met4 = 148 um.
Total wire length on LAYER met5 = 0 um.
Total number of vias = 2770.
Up-via summary (total 2770):

-----------------------
 FR_MASTERSLICE       0
            li1    1333
           met1    1331
           met2      93
           met3      13
           met4       0
-----------------------
               2770


[INFO DRT-0198] Complete detail routing.
Total wire length = 8601 um.
Total wire length on LAYER li1 = 0 um.
Total wire length on LAYER met1 = 4015 um.
Total wire length on LAYER met2 = 4016 um.
Total wire length on LAYER met3 = 420 um.
Total wire length on LAYER met4 = 148 um.
Total wire length on LAYER met5 = 0 um.
Total number of vias = 2770.
Up-via summary (total 2770):

-----------------------
 FR_MASTERSLICE       0
            li1    1333
           met1    1331
           met2      93
           met3      13
           met4       0
-----------------------
               2770


[INFO DRT-0267] cpu time = 00:00:19, elapsed time = 00:00:18, memory = 828.81 (MB), peak = 870.11 (MB)

[INFO DRT-0180] Post processing.
Took 24 seconds: detailed_route -output_drc ./reports/sky130hd/gcd/base/5_route_drc.rpt -output_maze ./results/sky130hd/gcd/base/maze.log -droute_end_iter 64 -verbose 1 -drc_report_iter_step 5
[INFO GRT-0012] Found 0 antenna violations.
[INFO ANT-0002] Found 0 net violations.
[INFO ANT-0001] Found 0 pin violations.
[INFO ANT-0002] Found 0 net violations.
[INFO ANT-0001] Found 0 pin violations.
Design area 4891 um^2 88% utilization.
write_db ./results/sky130hd/gcd/base/5_2_route.odb
Elapsed time: 0:26.09[h:]min:sec. CPU time: user 61.55 sys 0.61 (238%). Peak memory: 890992KB.
Log                       Ext     Elapsed/s Peak Memory/MB sha1sum result [0:20)
5_2_route                 .odb           26            870 4f43ac40212f8605e268
