
==========================================================================
detailed place report_tns
--------------------------------------------------------------------------
tns max -66.56

==========================================================================
detailed place report_wns
--------------------------------------------------------------------------
wns max -1.53

==========================================================================
detailed place report_worst_slack
--------------------------------------------------------------------------
worst slack max -1.53

==========================================================================
detailed place report_clock_min_period
--------------------------------------------------------------------------
core_clock period_min = 2.63 fmax = 379.59

==========================================================================
detailed place report_checks -path_delay min
--------------------------------------------------------------------------
Startpoint: dpath.a_reg.out[0]$_DFFE_PP_
            (rising edge-triggered flip-flop clocked by core_clock)
Endpoint: dpath.b_reg.out[0]$_DFFE_PP_
          (rising edge-triggered flip-flop clocked by core_clock)
Path Group: core_clock
Path Type: min

Fanout     Cap    Slew   Delay    Time   Description
-----------------------------------------------------------------------------
                  0.00    0.00    0.00   clock core_clock (rise edge)
                          0.00    0.00   clock network delay (ideal)
                  0.00    0.00    0.00 ^ dpath.a_reg.out[0]$_DFFE_PP_/CLK (sky130_fd_sc_hd__edfxtp_1)
     2    0.01    0.07    0.32    0.32 ^ dpath.a_reg.out[0]$_DFFE_PP_/Q (sky130_fd_sc_hd__edfxtp_1)
                                         _034_ (net)
                  0.07    0.00    0.32 ^ _172_/A0 (sky130_fd_sc_hd__mux2_1)
     1    0.00    0.05    0.13    0.45 ^ _172_/X (sky130_fd_sc_hd__mux2_1)
                                         _087_ (net)
                  0.05    0.00    0.45 ^ dpath.b_reg.out[0]$_DFFE_PP_/D (sky130_fd_sc_hd__edfxtp_1)
                                  0.45   data arrival time

                  0.00    0.00    0.00   clock core_clock (rise edge)
                          0.00    0.00   clock network delay (ideal)
                          0.00    0.00   clock reconvergence pessimism
                                  0.00 ^ dpath.b_reg.out[0]$_DFFE_PP_/CLK (sky130_fd_sc_hd__edfxtp_1)
                         -0.11   -0.11   library hold time
                                 -0.11   data required time
-----------------------------------------------------------------------------
                                 -0.11   data required time
                                 -0.45   data arrival time
-----------------------------------------------------------------------------
                                  0.56   slack (MET)



==========================================================================
detailed place report_checks -path_delay max
--------------------------------------------------------------------------
Startpoint: dpath.a_reg.out[4]$_DFFE_PP_
            (rising edge-triggered flip-flop clocked by core_clock)
Endpoint: resp_msg[13] (output port clocked by core_clock)
Path Group: core_clock
Path Type: max

Fanout     Cap    Slew   Delay    Time   Description
-----------------------------------------------------------------------------
                  0.00    0.00    0.00   clock core_clock (rise edge)
                          0.00    0.00   clock network delay (ideal)
                  0.00    0.00    0.00 ^ dpath.a_reg.out[4]$_DFFE_PP_/CLK (sky130_fd_sc_hd__edfxtp_1)
     2    0.01    0.08    0.36    0.36 v dpath.a_reg.out[4]$_DFFE_PP_/Q (sky130_fd_sc_hd__edfxtp_1)
                                         _029_ (net)
                  0.08    0.00    0.36 v _119_/_145_/A (sky130_fd_sc_hd__xnor3_1)
     5    0.02    0.13    0.45    0.81 v _119_/_145_/X (sky130_fd_sc_hd__xnor3_1)
                                         _119_/_016_ (net)
                  0.13    0.00    0.81 v _119_/_214_/A (sky130_fd_sc_hd__or2_1)
     3    0.01    0.09    0.30    1.11 v _119_/_214_/X (sky130_fd_sc_hd__or2_1)
                                         _119_/_079_ (net)
                  0.09    0.00    1.11 v _119_/_216_/B (sky130_fd_sc_hd__nor3_2)
     2    0.01    0.16    0.19    1.30 ^ _119_/_216_/Y (sky130_fd_sc_hd__nor3_2)
                                         _119_/_081_ (net)
                  0.16    0.00    1.30 ^ _119_/_237_/A3 (sky130_fd_sc_hd__o31ai_1)
     1    0.00    0.10    0.10    1.40 v _119_/_237_/Y (sky130_fd_sc_hd__o31ai_1)
                                         _119_/_098_ (net)
                  0.10    0.00    1.40 v _119_/place143/A (sky130_fd_sc_hd__buf_4)
     2    0.01    0.03    0.16    1.56 v _119_/place143/X (sky130_fd_sc_hd__buf_4)
                                         _119_/net160 (net)
                  0.03    0.00    1.56 v _119_/_263_/A2 (sky130_fd_sc_hd__o211ai_1)
     1    0.01    0.20    0.19    1.75 ^ _119_/_263_/Y (sky130_fd_sc_hd__o211ai_1)
                                         _119_/_120_ (net)
                  0.20    0.00    1.75 ^ _119_/_264_/A (sky130_fd_sc_hd__xnor2_1)
     2    0.01    0.19    0.17    1.92 ^ _119_/_264_/Y (sky130_fd_sc_hd__xnor2_1)
                                         net43 (net)
                  0.19    0.00    1.92 ^ output43/A (sky130_fd_sc_hd__clkdlybuf4s50_1)
     1    0.00    0.03    0.50    2.41 ^ output43/X (sky130_fd_sc_hd__clkdlybuf4s50_1)
                                         resp_msg[13] (net)
                  0.03    0.00    2.41 ^ resp_msg[13] (out)
                                  2.41   data arrival time

                  0.00    1.10    1.10   clock core_clock (rise edge)
                          0.00    1.10   clock network delay (ideal)
                          0.00    1.10   clock reconvergence pessimism
                         -0.22    0.88   output external delay
                                  0.88   data required time
-----------------------------------------------------------------------------
                                  0.88   data required time
                                 -2.41   data arrival time
-----------------------------------------------------------------------------
                                 -1.53   slack (VIOLATED)



==========================================================================
detailed place report_checks -unconstrained
--------------------------------------------------------------------------
Startpoint: dpath.a_reg.out[4]$_DFFE_PP_
            (rising edge-triggered flip-flop clocked by core_clock)
Endpoint: resp_msg[13] (output port clocked by core_clock)
Path Group: core_clock
Path Type: max

Fanout     Cap    Slew   Delay    Time   Description
-----------------------------------------------------------------------------
                  0.00    0.00    0.00   clock core_clock (rise edge)
                          0.00    0.00   clock network delay (ideal)
                  0.00    0.00    0.00 ^ dpath.a_reg.out[4]$_DFFE_PP_/CLK (sky130_fd_sc_hd__edfxtp_1)
     2    0.01    0.08    0.36    0.36 v dpath.a_reg.out[4]$_DFFE_PP_/Q (sky130_fd_sc_hd__edfxtp_1)
                                         _029_ (net)
                  0.08    0.00    0.36 v _119_/_145_/A (sky130_fd_sc_hd__xnor3_1)
     5    0.02    0.13    0.45    0.81 v _119_/_145_/X (sky130_fd_sc_hd__xnor3_1)
                                         _119_/_016_ (net)
                  0.13    0.00    0.81 v _119_/_214_/A (sky130_fd_sc_hd__or2_1)
     3    0.01    0.09    0.30    1.11 v _119_/_214_/X (sky130_fd_sc_hd__or2_1)
                                         _119_/_079_ (net)
                  0.09    0.00    1.11 v _119_/_216_/B (sky130_fd_sc_hd__nor3_2)
     2    0.01    0.16    0.19    1.30 ^ _119_/_216_/Y (sky130_fd_sc_hd__nor3_2)
                                         _119_/_081_ (net)
                  0.16    0.00    1.30 ^ _119_/_237_/A3 (sky130_fd_sc_hd__o31ai_1)
     1    0.00    0.10    0.10    1.40 v _119_/_237_/Y (sky130_fd_sc_hd__o31ai_1)
                                         _119_/_098_ (net)
                  0.10    0.00    1.40 v _119_/place143/A (sky130_fd_sc_hd__buf_4)
     2    0.01    0.03    0.16    1.56 v _119_/place143/X (sky130_fd_sc_hd__buf_4)
                                         _119_/net160 (net)
                  0.03    0.00    1.56 v _119_/_263_/A2 (sky130_fd_sc_hd__o211ai_1)
     1    0.01    0.20    0.19    1.75 ^ _119_/_263_/Y (sky130_fd_sc_hd__o211ai_1)
                                         _119_/_120_ (net)
                  0.20    0.00    1.75 ^ _119_/_264_/A (sky130_fd_sc_hd__xnor2_1)
     2    0.01    0.19    0.17    1.92 ^ _119_/_264_/Y (sky130_fd_sc_hd__xnor2_1)
                                         net43 (net)
                  0.19    0.00    1.92 ^ output43/A (sky130_fd_sc_hd__clkdlybuf4s50_1)
     1    0.00    0.03    0.50    2.41 ^ output43/X (sky130_fd_sc_hd__clkdlybuf4s50_1)
                                         resp_msg[13] (net)
                  0.03    0.00    2.41 ^ resp_msg[13] (out)
                                  2.41   data arrival time

                  0.00    1.10    1.10   clock core_clock (rise edge)
                          0.00    1.10   clock network delay (ideal)
                          0.00    1.10   clock reconvergence pessimism
                         -0.22    0.88   output external delay
                                  0.88   data required time
-----------------------------------------------------------------------------
                                  0.88   data required time
                                 -2.41   data arrival time
-----------------------------------------------------------------------------
                                 -1.53   slack (VIOLATED)



==========================================================================
detailed place report_check_types -max_slew -max_cap -max_fanout -violators
--------------------------------------------------------------------------

==========================================================================
detailed place max_slew_check_slack
--------------------------------------------------------------------------
1.0

==========================================================================
detailed place max_slew_check_limit
--------------------------------------------------------------------------
1.0

==========================================================================
detailed place max_slew_check_slack_limit
--------------------------------------------------------------------------
1.0000

==========================================================================
detailed place max_fanout_check_slack
--------------------------------------------------------------------------
1.0000000150474662e+30

==========================================================================
detailed place max_fanout_check_limit
--------------------------------------------------------------------------
1.0000000150474662e+30

==========================================================================
detailed place max_capacitance_check_slack
--------------------------------------------------------------------------
0.03130542114377022

==========================================================================
detailed place max_capacitance_check_limit
--------------------------------------------------------------------------
0.03663099929690361

==========================================================================
detailed place max_capacitance_check_slack_limit
--------------------------------------------------------------------------
0.8546

==========================================================================
detailed place max_slew_violation_count
--------------------------------------------------------------------------
max slew violation count 0

==========================================================================
detailed place max_fanout_violation_count
--------------------------------------------------------------------------
max fanout violation count 0

==========================================================================
detailed place max_cap_violation_count
--------------------------------------------------------------------------
max cap violation count 0

==========================================================================
detailed place setup_violation_count
--------------------------------------------------------------------------
setup violation count 69

==========================================================================
detailed place hold_violation_count
--------------------------------------------------------------------------
hold violation count 0

==========================================================================
detailed place report_checks -path_delay max reg to reg
--------------------------------------------------------------------------
Startpoint: dpath.b_reg.out[0]$_DFFE_PP_
            (rising edge-triggered flip-flop clocked by core_clock)
Endpoint: dpath.a_reg.out[9]$_DFFE_PP_
          (rising edge-triggered flip-flop clocked by core_clock)
Path Group: core_clock
Path Type: max

  Delay    Time   Description
---------------------------------------------------------
   0.00    0.00   clock core_clock (rise edge)
   0.00    0.00   clock network delay (ideal)
   0.00    0.00 ^ dpath.b_reg.out[0]$_DFFE_PP_/CLK (sky130_fd_sc_hd__edfxtp_1)
   0.40    0.40 v dpath.b_reg.out[0]$_DFFE_PP_/Q (sky130_fd_sc_hd__edfxtp_1)
   0.17    0.57 v _119_/_158_/Y (sky130_fd_sc_hd__xnor2_2)
   0.36    0.93 v _119_/_160_/X (sky130_fd_sc_hd__maj3_2)
   0.15    1.08 ^ _119_/_163_/Y (sky130_fd_sc_hd__o21ai_4)
   0.14    1.22 ^ _119_/place157/X (sky130_fd_sc_hd__buf_4)
   0.08    1.30 v _119_/_166_/Y (sky130_fd_sc_hd__a21oi_2)
   0.22    1.52 ^ _119_/_167_/Y (sky130_fd_sc_hd__o21ai_2)
   0.22    1.74 ^ _119_/_205_/X (sky130_fd_sc_hd__a21o_4)
   0.17    1.92 ^ place138/X (sky130_fd_sc_hd__buf_4)
   0.20    2.11 ^ _154_/Y (sky130_fd_sc_hd__mux2i_1)
   0.09    2.20 v _156_/Y (sky130_fd_sc_hd__o21ai_0)
   0.00    2.20 v dpath.a_reg.out[9]$_DFFE_PP_/D (sky130_fd_sc_hd__edfxtp_1)
           2.20   data arrival time

   1.10    1.10   clock core_clock (rise edge)
   0.00    1.10   clock network delay (ideal)
   0.00    1.10   clock reconvergence pessimism
           1.10 ^ dpath.a_reg.out[9]$_DFFE_PP_/CLK (sky130_fd_sc_hd__edfxtp_1)
  -0.27    0.83   library setup time
           0.83   data required time
---------------------------------------------------------
           0.83   data required time
          -2.20   data arrival time
---------------------------------------------------------
          -1.37   slack (VIOLATED)



==========================================================================
detailed place report_checks -path_delay min reg to reg
--------------------------------------------------------------------------
Startpoint: dpath.a_reg.out[0]$_DFFE_PP_
            (rising edge-triggered flip-flop clocked by core_clock)
Endpoint: dpath.b_reg.out[0]$_DFFE_PP_
          (rising edge-triggered flip-flop clocked by core_clock)
Path Group: core_clock
Path Type: min

  Delay    Time   Description
---------------------------------------------------------
   0.00    0.00   clock core_clock (rise edge)
   0.00    0.00   clock network delay (ideal)
   0.00    0.00 ^ dpath.a_reg.out[0]$_DFFE_PP_/CLK (sky130_fd_sc_hd__edfxtp_1)
   0.32    0.32 ^ dpath.a_reg.out[0]$_DFFE_PP_/Q (sky130_fd_sc_hd__edfxtp_1)
   0.13    0.45 ^ _172_/X (sky130_fd_sc_hd__mux2_1)
   0.00    0.45 ^ dpath.b_reg.out[0]$_DFFE_PP_/D (sky130_fd_sc_hd__edfxtp_1)
           0.45   data arrival time

   0.00    0.00   clock core_clock (rise edge)
   0.00    0.00   clock network delay (ideal)
   0.00    0.00   clock reconvergence pessimism
           0.00 ^ dpath.b_reg.out[0]$_DFFE_PP_/CLK (sky130_fd_sc_hd__edfxtp_1)
  -0.11   -0.11   library hold time
          -0.11   data required time
---------------------------------------------------------
          -0.11   data required time
          -0.45   data arrival time
---------------------------------------------------------
           0.56   slack (MET)



==========================================================================
detailed place critical path target clock latency max path
--------------------------------------------------------------------------
0.0000

==========================================================================
detailed place critical path target clock latency min path
--------------------------------------------------------------------------
0.0000

==========================================================================
detailed place critical path source clock latency min path
--------------------------------------------------------------------------
0.0000

==========================================================================
detailed place critical path delay
--------------------------------------------------------------------------
2.4144

==========================================================================
detailed place critical path slack
--------------------------------------------------------------------------
-1.5344

==========================================================================
detailed place slack div critical path delay
--------------------------------------------------------------------------
-63.552021

==========================================================================
detailed place report_power
--------------------------------------------------------------------------
Group                  Internal  Switching    Leakage      Total
                          Power      Power      Power      Power (Watts)
----------------------------------------------------------------
Sequential             1.69e-03   1.23e-04   3.51e-10   1.81e-03  30.1%
Combinational          2.51e-03   1.70e-03   1.36e-09   4.21e-03  69.9%
Clock                  0.00e+00   0.00e+00   0.00e+00   0.00e+00   0.0%
Macro                  0.00e+00   0.00e+00   0.00e+00   0.00e+00   0.0%
Pad                    0.00e+00   0.00e+00   0.00e+00   0.00e+00   0.0%
----------------------------------------------------------------
Total                  4.20e-03   1.82e-03   1.71e-09   6.02e-03 100.0%
                          69.8%      30.2%       0.0%
