
==========================================================================
finish report_tns
--------------------------------------------------------------------------
tns max -68.82

==========================================================================
finish report_wns
--------------------------------------------------------------------------
wns max -1.54

==========================================================================
finish report_worst_slack
--------------------------------------------------------------------------
worst slack max -1.54

==========================================================================
finish report_clock_min_period
--------------------------------------------------------------------------
core_clock period_min = 2.64 fmax = 378.31

==========================================================================
finish report_clock_skew
--------------------------------------------------------------------------
Clock core_clock
   0.29 source latency dpath.a_reg.out[14]$_DFFE_PP_/CLK ^
  -0.28 target latency dpath.b_reg.out[15]$_DFFE_PP_/CLK ^
   0.00 CRPR
--------------
   0.01 setup skew


==========================================================================
finish report_checks -path_delay min
--------------------------------------------------------------------------
Startpoint: req_msg[30] (input port clocked by core_clock)
Endpoint: dpath.a_reg.out[14]$_DFFE_PP_
          (rising edge-triggered flip-flop clocked by core_clock)
Path Group: core_clock
Path Type: min

Fanout     Cap    Slew   Delay    Time   Description
-----------------------------------------------------------------------------
                          0.00    0.00   clock core_clock (rise edge)
                          0.00    0.00   clock network delay (propagated)
                          0.22    0.22 v input external delay
     1    0.00    0.00    0.00    0.22 v req_msg[30] (in)
                                         req_msg[30] (net)
                  0.00    0.00    0.22 v input26/A (sky130_fd_sc_hd__clkdlybuf4s50_1)
     1    0.00    0.05    0.40    0.62 v input26/X (sky130_fd_sc_hd__clkdlybuf4s50_1)
                                         net26 (net)
                  0.05    0.00    0.62 v _170_/A (sky130_fd_sc_hd__nand2_1)
     1    0.00    0.03    0.05    0.67 ^ _170_/Y (sky130_fd_sc_hd__nand2_1)
                                         _085_ (net)
                  0.03    0.00    0.67 ^ _171_/B1 (sky130_fd_sc_hd__o21ai_1)
     1    0.00    0.03    0.05    0.72 v _171_/Y (sky130_fd_sc_hd__o21ai_1)
                                         _086_ (net)
                  0.03    0.00    0.72 v dpath.a_reg.out[14]$_DFFE_PP_/D (sky130_fd_sc_hd__edfxtp_1)
                                  0.72   data arrival time

                          0.00    0.00   clock core_clock (rise edge)
                          0.00    0.00   clock source latency
     1    0.01    0.00    0.00    0.00 ^ clk (in)
                                         clk (net)
                  0.00    0.00    0.00 ^ clkbuf_0_clk/A (sky130_fd_sc_hd__clkbuf_8)
     4    0.03    0.06    0.13    0.13 ^ clkbuf_0_clk/X (sky130_fd_sc_hd__clkbuf_8)
                                         clknet_0_clk (net)
                  0.06    0.00    0.13 ^ clkbuf_2_2__f_clk/A (sky130_fd_sc_hd__clkbuf_8)
    10    0.04    0.08    0.16    0.29 ^ clkbuf_2_2__f_clk/X (sky130_fd_sc_hd__clkbuf_8)
                                         clknet_2_2__leaf_clk (net)
                  0.08    0.00    0.29 ^ dpath.a_reg.out[14]$_DFFE_PP_/CLK (sky130_fd_sc_hd__edfxtp_1)
                          0.00    0.29   clock reconvergence pessimism
                         -0.16    0.13   library hold time
                                  0.13   data required time
-----------------------------------------------------------------------------
                                  0.13   data required time
                                 -0.72   data arrival time
-----------------------------------------------------------------------------
                                  0.59   slack (MET)



==========================================================================
finish report_checks -path_delay max
--------------------------------------------------------------------------
Startpoint: dpath.b_reg.out[5]$_DFFE_PP_
            (rising edge-triggered flip-flop clocked by core_clock)
Endpoint: resp_msg[15] (output port clocked by core_clock)
Path Group: core_clock
Path Type: max

Fanout     Cap    Slew   Delay    Time   Description
-----------------------------------------------------------------------------
                          0.00    0.00   clock core_clock (rise edge)
                          0.00    0.00   clock source latency
     1    0.01    0.00    0.00    0.00 ^ clk (in)
                                         clk (net)
                  0.00    0.00    0.00 ^ clkbuf_0_clk/A (sky130_fd_sc_hd__clkbuf_8)
     4    0.03    0.06    0.13    0.13 ^ clkbuf_0_clk/X (sky130_fd_sc_hd__clkbuf_8)
                                         clknet_0_clk (net)
                  0.06    0.00    0.13 ^ clkbuf_2_1__f_clk/A (sky130_fd_sc_hd__clkbuf_8)
    11    0.04    0.08    0.16    0.29 ^ clkbuf_2_1__f_clk/X (sky130_fd_sc_hd__clkbuf_8)
                                         clknet_2_1__leaf_clk (net)
                  0.08    0.00    0.29 ^ dpath.b_reg.out[5]$_DFFE_PP_/CLK (sky130_fd_sc_hd__edfxtp_1)
     2    0.01    0.12    0.43    0.72 v dpath.b_reg.out[5]$_DFFE_PP_/Q (sky130_fd_sc_hd__edfxtp_1)
                                         _013_ (net)
                  0.12    0.00    0.72 v _119_/_136_/A (sky130_fd_sc_hd__xor2_2)
     2    0.02    0.27    0.30    1.03 ^ _119_/_136_/X (sky130_fd_sc_hd__xor2_2)
                                         _119_/_007_ (net)
                  0.27    0.00    1.03 ^ _119_/_140_/B (sky130_fd_sc_hd__xnor2_4)
     5    0.03    0.29    0.21    1.23 ^ _119_/_140_/Y (sky130_fd_sc_hd__xnor2_4)
                                         _119_/_011_ (net)
                  0.29    0.00    1.23 ^ _119_/rebuffer231/A (sky130_fd_sc_hd__buf_6)
     1    0.01    0.03    0.14    1.38 ^ _119_/rebuffer231/X (sky130_fd_sc_hd__buf_6)
                                         _119_/net249 (net)
                  0.03    0.00    1.38 ^ _119_/place170/A (sky130_fd_sc_hd__buf_6)
     2    0.02    0.05    0.10    1.48 ^ _119_/place170/X (sky130_fd_sc_hd__buf_6)
                                         _119_/net187 (net)
                  0.05    0.00    1.48 ^ _119_/_224_/B (sky130_fd_sc_hd__nor2_4)
     1    0.00    0.06    0.03    1.51 v _119_/_224_/Y (sky130_fd_sc_hd__nor2_4)
                                         _119_/_087_ (net)
                  0.06    0.00    1.51 v _119_/_228_/A2 (sky130_fd_sc_hd__a221oi_2)
     2    0.01    0.24    0.30    1.81 ^ _119_/_228_/Y (sky130_fd_sc_hd__a221oi_2)
                                         _119_/_091_ (net)
                  0.24    0.00    1.81 ^ _119_/rebuffer229/A (sky130_fd_sc_hd__buf_4)
     2    0.02    0.08    0.19    2.01 ^ _119_/rebuffer229/X (sky130_fd_sc_hd__buf_4)
                                         _119_/net247 (net)
                  0.08    0.00    2.01 ^ _119_/_130_/A2 (sky130_fd_sc_hd__o311ai_4)
     1    0.01    0.10    0.10    2.11 v _119_/_130_/Y (sky130_fd_sc_hd__o311ai_4)
                                         _119_/_002_ (net)
                  0.10    0.00    2.11 v _119_/_131_/A (sky130_fd_sc_hd__xnor2_1)
     2    0.01    0.16    0.20    2.31 ^ _119_/_131_/Y (sky130_fd_sc_hd__xnor2_1)
                                         net45 (net)
                  0.16    0.00    2.31 ^ output45/A (sky130_fd_sc_hd__dlymetal6s2s_1)
     1    0.00    0.04    0.11    2.42 ^ output45/X (sky130_fd_sc_hd__dlymetal6s2s_1)
                                         resp_msg[15] (net)
                  0.04    0.00    2.42 ^ resp_msg[15] (out)
                                  2.42   data arrival time

                          1.10    1.10   clock core_clock (rise edge)
                          0.00    1.10   clock network delay (propagated)
                          0.00    1.10   clock reconvergence pessimism
                         -0.22    0.88   output external delay
                                  0.88   data required time
-----------------------------------------------------------------------------
                                  0.88   data required time
                                 -2.42   data arrival time
-----------------------------------------------------------------------------
                                 -1.54   slack (VIOLATED)



==========================================================================
finish report_checks -unconstrained
--------------------------------------------------------------------------
Startpoint: dpath.b_reg.out[5]$_DFFE_PP_
            (rising edge-triggered flip-flop clocked by core_clock)
Endpoint: resp_msg[15] (output port clocked by core_clock)
Path Group: core_clock
Path Type: max

Fanout     Cap    Slew   Delay    Time   Description
-----------------------------------------------------------------------------
                          0.00    0.00   clock core_clock (rise edge)
                          0.00    0.00   clock source latency
     1    0.01    0.00    0.00    0.00 ^ clk (in)
                                         clk (net)
                  0.00    0.00    0.00 ^ clkbuf_0_clk/A (sky130_fd_sc_hd__clkbuf_8)
     4    0.03    0.06    0.13    0.13 ^ clkbuf_0_clk/X (sky130_fd_sc_hd__clkbuf_8)
                                         clknet_0_clk (net)
                  0.06    0.00    0.13 ^ clkbuf_2_1__f_clk/A (sky130_fd_sc_hd__clkbuf_8)
    11    0.04    0.08    0.16    0.29 ^ clkbuf_2_1__f_clk/X (sky130_fd_sc_hd__clkbuf_8)
                                         clknet_2_1__leaf_clk (net)
                  0.08    0.00    0.29 ^ dpath.b_reg.out[5]$_DFFE_PP_/CLK (sky130_fd_sc_hd__edfxtp_1)
     2    0.01    0.12    0.43    0.72 v dpath.b_reg.out[5]$_DFFE_PP_/Q (sky130_fd_sc_hd__edfxtp_1)
                                         _013_ (net)
                  0.12    0.00    0.72 v _119_/_136_/A (sky130_fd_sc_hd__xor2_2)
     2    0.02    0.27    0.30    1.03 ^ _119_/_136_/X (sky130_fd_sc_hd__xor2_2)
                                         _119_/_007_ (net)
                  0.27    0.00    1.03 ^ _119_/_140_/B (sky130_fd_sc_hd__xnor2_4)
     5    0.03    0.29    0.21    1.23 ^ _119_/_140_/Y (sky130_fd_sc_hd__xnor2_4)
                                         _119_/_011_ (net)
                  0.29    0.00    1.23 ^ _119_/rebuffer231/A (sky130_fd_sc_hd__buf_6)
     1    0.01    0.03    0.14    1.38 ^ _119_/rebuffer231/X (sky130_fd_sc_hd__buf_6)
                                         _119_/net249 (net)
                  0.03    0.00    1.38 ^ _119_/place170/A (sky130_fd_sc_hd__buf_6)
     2    0.02    0.05    0.10    1.48 ^ _119_/place170/X (sky130_fd_sc_hd__buf_6)
                                         _119_/net187 (net)
                  0.05    0.00    1.48 ^ _119_/_224_/B (sky130_fd_sc_hd__nor2_4)
     1    0.00    0.06    0.03    1.51 v _119_/_224_/Y (sky130_fd_sc_hd__nor2_4)
                                         _119_/_087_ (net)
                  0.06    0.00    1.51 v _119_/_228_/A2 (sky130_fd_sc_hd__a221oi_2)
     2    0.01    0.24    0.30    1.81 ^ _119_/_228_/Y (sky130_fd_sc_hd__a221oi_2)
                                         _119_/_091_ (net)
                  0.24    0.00    1.81 ^ _119_/rebuffer229/A (sky130_fd_sc_hd__buf_4)
     2    0.02    0.08    0.19    2.01 ^ _119_/rebuffer229/X (sky130_fd_sc_hd__buf_4)
                                         _119_/net247 (net)
                  0.08    0.00    2.01 ^ _119_/_130_/A2 (sky130_fd_sc_hd__o311ai_4)
     1    0.01    0.10    0.10    2.11 v _119_/_130_/Y (sky130_fd_sc_hd__o311ai_4)
                                         _119_/_002_ (net)
                  0.10    0.00    2.11 v _119_/_131_/A (sky130_fd_sc_hd__xnor2_1)
     2    0.01    0.16    0.20    2.31 ^ _119_/_131_/Y (sky130_fd_sc_hd__xnor2_1)
                                         net45 (net)
                  0.16    0.00    2.31 ^ output45/A (sky130_fd_sc_hd__dlymetal6s2s_1)
     1    0.00    0.04    0.11    2.42 ^ output45/X (sky130_fd_sc_hd__dlymetal6s2s_1)
                                         resp_msg[15] (net)
                  0.04    0.00    2.42 ^ resp_msg[15] (out)
                                  2.42   data arrival time

                          1.10    1.10   clock core_clock (rise edge)
                          0.00    1.10   clock network delay (propagated)
                          0.00    1.10   clock reconvergence pessimism
                         -0.22    0.88   output external delay
                                  0.88   data required time
-----------------------------------------------------------------------------
                                  0.88   data required time
                                 -2.42   data arrival time
-----------------------------------------------------------------------------
                                 -1.54   slack (VIOLATED)



==========================================================================
finish report_check_types -max_slew -max_cap -max_fanout -violators
--------------------------------------------------------------------------

==========================================================================
finish max_slew_check_slack
--------------------------------------------------------------------------
1.0

==========================================================================
finish max_slew_check_limit
--------------------------------------------------------------------------
1.0

==========================================================================
finish max_slew_check_slack_limit
--------------------------------------------------------------------------
1.0000

==========================================================================
finish max_fanout_check_slack
--------------------------------------------------------------------------
1.0000000150474662e+30

==========================================================================
finish max_fanout_check_limit
--------------------------------------------------------------------------
1.0000000150474662e+30

==========================================================================
finish max_capacitance_check_slack
--------------------------------------------------------------------------
0.02980188839137554

==========================================================================
finish max_capacitance_check_limit
--------------------------------------------------------------------------
0.03663099929690361

==========================================================================
finish max_capacitance_check_slack_limit
--------------------------------------------------------------------------
0.8136

==========================================================================
finish max_slew_violation_count
--------------------------------------------------------------------------
max slew violation count 0

==========================================================================
finish max_fanout_violation_count
--------------------------------------------------------------------------
max fanout violation count 0

==========================================================================
finish max_cap_violation_count
--------------------------------------------------------------------------
max cap violation count 0

==========================================================================
finish setup_violation_count
--------------------------------------------------------------------------
setup violation count 68

==========================================================================
finish hold_violation_count
--------------------------------------------------------------------------
hold violation count 0

==========================================================================
finish report_checks -path_delay max reg to reg
--------------------------------------------------------------------------
Startpoint: dpath.b_reg.out[5]$_DFFE_PP_
            (rising edge-triggered flip-flop clocked by core_clock)
Endpoint: dpath.a_reg.out[11]$_DFFE_PP_
          (rising edge-triggered flip-flop clocked by core_clock)
Path Group: core_clock
Path Type: max

  Delay    Time   Description
---------------------------------------------------------
   0.00    0.00   clock core_clock (rise edge)
   0.00    0.00   clock source latency
   0.00    0.00 ^ clk (in)
   0.13    0.13 ^ clkbuf_0_clk/X (sky130_fd_sc_hd__clkbuf_8)
   0.16    0.29 ^ clkbuf_2_1__f_clk/X (sky130_fd_sc_hd__clkbuf_8)
   0.00    0.29 ^ dpath.b_reg.out[5]$_DFFE_PP_/CLK (sky130_fd_sc_hd__edfxtp_1)
   0.43    0.72 v dpath.b_reg.out[5]$_DFFE_PP_/Q (sky130_fd_sc_hd__edfxtp_1)
   0.30    1.03 ^ _119_/_136_/X (sky130_fd_sc_hd__xor2_2)
   0.21    1.23 ^ _119_/_140_/Y (sky130_fd_sc_hd__xnor2_4)
   0.14    1.38 ^ _119_/rebuffer231/X (sky130_fd_sc_hd__buf_6)
   0.10    1.48 ^ _119_/place170/X (sky130_fd_sc_hd__buf_6)
   0.03    1.51 v _119_/_224_/Y (sky130_fd_sc_hd__nor2_4)
   0.30    1.81 ^ _119_/_228_/Y (sky130_fd_sc_hd__a221oi_2)
   0.20    2.01 ^ _119_/rebuffer229/X (sky130_fd_sc_hd__buf_4)
   0.06    2.07 v _119_/_252_/Y (sky130_fd_sc_hd__o21ai_4)
   0.15    2.22 v _119_/_253_/Y (sky130_fd_sc_hd__xnor2_2)
   0.14    2.36 v place136/X (sky130_fd_sc_hd__buf_4)
   0.15    2.51 ^ _160_/Y (sky130_fd_sc_hd__mux2i_1)
   0.07    2.58 v _162_/Y (sky130_fd_sc_hd__o21ai_1)
   0.00    2.58 v dpath.a_reg.out[11]$_DFFE_PP_/D (sky130_fd_sc_hd__edfxtp_1)
           2.58   data arrival time

   1.10    1.10   clock core_clock (rise edge)
   0.00    1.10   clock source latency
   0.00    1.10 ^ clk (in)
   0.13    1.23 ^ clkbuf_0_clk/X (sky130_fd_sc_hd__clkbuf_8)
   0.16    1.39 ^ clkbuf_2_2__f_clk/X (sky130_fd_sc_hd__clkbuf_8)
   0.00    1.39 ^ dpath.a_reg.out[11]$_DFFE_PP_/CLK (sky130_fd_sc_hd__edfxtp_1)
   0.00    1.39   clock reconvergence pessimism
  -0.24    1.14   library setup time
           1.14   data required time
---------------------------------------------------------
           1.14   data required time
          -2.58   data arrival time
---------------------------------------------------------
          -1.44   slack (VIOLATED)



==========================================================================
finish report_checks -path_delay min reg to reg
--------------------------------------------------------------------------
Startpoint: dpath.a_reg.out[0]$_DFFE_PP_
            (rising edge-triggered flip-flop clocked by core_clock)
Endpoint: dpath.b_reg.out[0]$_DFFE_PP_
          (rising edge-triggered flip-flop clocked by core_clock)
Path Group: core_clock
Path Type: min

  Delay    Time   Description
---------------------------------------------------------
   0.00    0.00   clock core_clock (rise edge)
   0.00    0.00   clock source latency
   0.00    0.00 ^ clk (in)
   0.13    0.13 ^ clkbuf_0_clk/X (sky130_fd_sc_hd__clkbuf_8)
   0.16    0.28 ^ clkbuf_2_0__f_clk/X (sky130_fd_sc_hd__clkbuf_8)
   0.00    0.28 ^ dpath.a_reg.out[0]$_DFFE_PP_/CLK (sky130_fd_sc_hd__edfxtp_1)
   0.35    0.64 ^ dpath.a_reg.out[0]$_DFFE_PP_/Q (sky130_fd_sc_hd__edfxtp_1)
   0.15    0.79 ^ _172_/X (sky130_fd_sc_hd__mux2_4)
   0.00    0.79 ^ dpath.b_reg.out[0]$_DFFE_PP_/D (sky130_fd_sc_hd__edfxtp_1)
           0.79   data arrival time

   0.00    0.00   clock core_clock (rise edge)
   0.00    0.00   clock source latency
   0.00    0.00 ^ clk (in)
   0.13    0.13 ^ clkbuf_0_clk/X (sky130_fd_sc_hd__clkbuf_8)
   0.16    0.28 ^ clkbuf_2_0__f_clk/X (sky130_fd_sc_hd__clkbuf_8)
   0.00    0.28 ^ dpath.b_reg.out[0]$_DFFE_PP_/CLK (sky130_fd_sc_hd__edfxtp_1)
   0.00    0.28   clock reconvergence pessimism
  -0.10    0.18   library hold time
           0.18   data required time
---------------------------------------------------------
           0.18   data required time
          -0.79   data arrival time
---------------------------------------------------------
           0.60   slack (MET)



==========================================================================
finish critical path target clock latency max path
--------------------------------------------------------------------------
0.2880

==========================================================================
finish critical path target clock latency min path
--------------------------------------------------------------------------
0.2891

==========================================================================
finish critical path source clock latency min path
--------------------------------------------------------------------------
0.0000

==========================================================================
finish critical path delay
--------------------------------------------------------------------------
2.4233

==========================================================================
finish critical path slack
--------------------------------------------------------------------------
-1.5433

==========================================================================
finish slack div critical path delay
--------------------------------------------------------------------------
-63.685883

==========================================================================
finish report_power
--------------------------------------------------------------------------
Group                  Internal  Switching    Leakage      Total
                          Power      Power      Power      Power (Watts)
----------------------------------------------------------------
Sequential             1.66e-03   1.31e-04   3.51e-10   1.79e-03  21.7%
Combinational          2.96e-03   2.28e-03   1.73e-09   5.24e-03  63.5%
Clock                  7.34e-04   4.90e-04   6.12e-11   1.22e-03  14.8%
Macro                  0.00e+00   0.00e+00   0.00e+00   0.00e+00   0.0%
Pad                    0.00e+00   0.00e+00   0.00e+00   0.00e+00   0.0%
----------------------------------------------------------------
Total                  5.35e-03   2.90e-03   2.15e-09   8.25e-03 100.0%
                          64.8%      35.2%       0.0%
